2023-10-05 18:05:59,079 [INFO] Activator:177 - 


2023-10-05 18:05:59,079 [INFO] Activator:178 - !SESSION log4j initialized
2023-10-05 18:06:18,226 [INFO] McuFinderGlobals:39 - Set McuFinder mode to 2 (CubeIDE integrated)
2023-10-05 18:06:18,714 [INFO] ApplicationProperties:181 - Using Application install path: E:\STM32CubeIDE_1.7.0\STM32CubeIDE\plugins\com.st.stm32cube.common.mx_6.3.0.202107141111
2023-10-05 18:06:18,726 [INFO] DbMcusXml:74 - Set database path to: E:\STM32CubeIDE_1.7.0\STM32CubeIDE\plugins\com.st.stm32cube.common.mx_6.3.0.202107141111\\db\/mcu/
2023-10-05 18:06:18,730 [INFO] DbBoardsPdsc:56 - Set plugin database path to: E:\STM32CubeIDE_1.7.0\STM32CubeIDE\plugins\com.st.stm32cube.common.mx_6.3.0.202107141111\\db\/plugins/boardmanager/
2023-10-05 18:06:18,730 [INFO] DbMcus:258 - Set plugin images path to: E:\STM32CubeIDE_1.7.0\STM32CubeIDE\plugins\com.st.stm32cube.common.mx_6.3.0.202107141111\\db\/plugins/mcufinder/images/
2023-10-05 18:06:18,730 [INFO] DbBoards:264 - Set plugin images path to: E:\STM32CubeIDE_1.7.0\STM32CubeIDE\plugins\com.st.stm32cube.common.mx_6.3.0.202107141111\\db\/plugins/mcufinder/images/
2023-10-05 18:06:18,734 [INFO] DbExamples:333 - Set plugin images path to: E:\STM32CubeIDE_1.7.0\STM32CubeIDE\plugins\com.st.stm32cube.common.mx_6.3.0.202107141111\\db\/plugins/mcufinder/images/
2023-10-05 18:06:18,738 [INFO] DbMcusAds:119 - Set database path to: C:\Users\mitph\.stmcufinder\plugins\mcufinder//mcu/
2023-10-05 18:06:18,738 [INFO] DbMcusDocs:110 - Set database path to: C:\Users\mitph\.stmcufinder\plugins\mcufinder//mcu/
2023-10-05 18:06:18,742 [INFO] DbMcusJson:64 - Set database path to: C:\Users\mitph\.stmcufinder\plugins\mcufinder//mcu/
2023-10-05 18:06:18,742 [INFO] DbBoardsDocs:110 - Set database path to: C:\Users\mitph\.stmcufinder\plugins\mcufinder//mcu/
2023-10-05 18:06:18,742 [INFO] DbBoardsJson:57 - Set database path to: C:\Users\mitph\.stmcufinder\plugins\mcufinder//mcu/
2023-10-05 18:06:18,847 [INFO] CrossReferenceDbSqlite:196 - Set database path to: C:\Users\mitph\.stmcufinder\plugins\mcufinder//mcu/cs/
2023-10-05 18:06:18,859 [INFO] DbExamplesSqlite:767 - Set database path to: C:\Users\mitph\.stmcufinder\plugins\mcufinder//mcu/
2023-10-05 18:06:19,015 [INFO] RulesReader:57 - Compatibility file has been processed (242 Rules)
2023-10-05 18:06:19,091 [INFO] DbMcusXml:74 - Set database path to: E:\STM32CubeIDE_1.7.0\STM32CubeIDE\plugins\com.st.stm32cube.common.mx_6.3.0.202107141111\\db\/mcu/
2023-10-05 18:06:19,095 [INFO] DbBoardsPdsc:56 - Set plugin database path to: E:\STM32CubeIDE_1.7.0\STM32CubeIDE\plugins\com.st.stm32cube.common.mx_6.3.0.202107141111\\db\/plugins/boardmanager/
2023-10-05 18:06:19,095 [INFO] DbMcus:258 - Set plugin images path to: E:\STM32CubeIDE_1.7.0\STM32CubeIDE\plugins\com.st.stm32cube.common.mx_6.3.0.202107141111\\db\/plugins/mcufinder/images/
2023-10-05 18:06:19,095 [INFO] DbBoards:264 - Set plugin images path to: E:\STM32CubeIDE_1.7.0\STM32CubeIDE\plugins\com.st.stm32cube.common.mx_6.3.0.202107141111\\db\/plugins/mcufinder/images/
2023-10-05 18:06:19,095 [INFO] DbExamples:333 - Set plugin images path to: E:\STM32CubeIDE_1.7.0\STM32CubeIDE\plugins\com.st.stm32cube.common.mx_6.3.0.202107141111\\db\/plugins/mcufinder/images/
2023-10-05 18:06:19,095 [WARN] DbFile:35 - Overriding database path with different value: C:\Users\mitph\.stmcufinder\plugins\mcufinder/ => C:\Users\mitph\.stmcufinder\plugins\mcufinder
2023-10-05 18:06:19,095 [INFO] DbMcusAds:119 - Set database path to: C:\Users\mitph\.stmcufinder\plugins\mcufinder//mcu/
2023-10-05 18:06:19,095 [WARN] DbFile:35 - Overriding database path with different value: C:\Users\mitph\.stmcufinder\plugins\mcufinder/ => C:\Users\mitph\.stmcufinder\plugins\mcufinder
2023-10-05 18:06:19,095 [INFO] DbMcusDocs:110 - Set database path to: C:\Users\mitph\.stmcufinder\plugins\mcufinder//mcu/
2023-10-05 18:06:19,095 [WARN] DbFile:35 - Overriding database path with different value: C:\Users\mitph\.stmcufinder\plugins\mcufinder/ => C:\Users\mitph\.stmcufinder\plugins\mcufinder
2023-10-05 18:06:19,095 [INFO] DbMcusJson:64 - Set database path to: C:\Users\mitph\.stmcufinder\plugins\mcufinder//mcu/
2023-10-05 18:06:19,095 [WARN] DbFile:35 - Overriding database path with different value: C:\Users\mitph\.stmcufinder\plugins\mcufinder/ => C:\Users\mitph\.stmcufinder\plugins\mcufinder
2023-10-05 18:06:19,095 [INFO] DbBoardsDocs:110 - Set database path to: C:\Users\mitph\.stmcufinder\plugins\mcufinder//mcu/
2023-10-05 18:06:19,095 [WARN] DbFile:35 - Overriding database path with different value: C:\Users\mitph\.stmcufinder\plugins\mcufinder/ => C:\Users\mitph\.stmcufinder\plugins\mcufinder
2023-10-05 18:06:19,095 [INFO] DbBoardsJson:57 - Set database path to: C:\Users\mitph\.stmcufinder\plugins\mcufinder//mcu/
2023-10-05 18:06:19,095 [WARN] DbFile:35 - Overriding database path with different value: C:\Users\mitph\.stmcufinder\plugins\mcufinder/ => C:\Users\mitph\.stmcufinder\plugins\mcufinder
2023-10-05 18:06:19,095 [WARN] DbFile:35 - Overriding database path with different value: C:\Users\mitph\.stmcufinder\plugins\mcufinder/ => C:\Users\mitph\.stmcufinder\plugins\mcufinder
2023-10-05 18:06:19,095 [INFO] CrossReferenceDbSqlite:196 - Set database path to: C:\Users\mitph\.stmcufinder\plugins\mcufinder//mcu/cs/
2023-10-05 18:06:19,095 [WARN] DbFile:35 - Overriding database path with different value: C:\Users\mitph\.stmcufinder\plugins\mcufinder/ => C:\Users\mitph\.stmcufinder\plugins\mcufinder
2023-10-05 18:06:19,095 [INFO] DbExamplesSqlite:767 - Set database path to: C:\Users\mitph\.stmcufinder\plugins\mcufinder//mcu/
2023-10-05 18:06:19,155 [INFO] MainPanel:214 - HeapMemory: 268435456
2023-10-05 18:06:19,227 [INFO] DbMcusXml:74 - Set database path to: E:\STM32CubeIDE_1.7.0\STM32CubeIDE\plugins\com.st.stm32cube.common.mx_6.3.0.202107141111\\db\/mcu/
2023-10-05 18:06:19,227 [INFO] DbBoardsPdsc:56 - Set plugin database path to: E:\STM32CubeIDE_1.7.0\STM32CubeIDE\plugins\com.st.stm32cube.common.mx_6.3.0.202107141111\\db\/plugins/boardmanager/
2023-10-05 18:06:19,227 [INFO] DbMcus:258 - Set plugin images path to: E:\STM32CubeIDE_1.7.0\STM32CubeIDE\plugins\com.st.stm32cube.common.mx_6.3.0.202107141111\\db\/plugins/mcufinder/images/
2023-10-05 18:06:19,227 [INFO] DbBoards:264 - Set plugin images path to: E:\STM32CubeIDE_1.7.0\STM32CubeIDE\plugins\com.st.stm32cube.common.mx_6.3.0.202107141111\\db\/plugins/mcufinder/images/
2023-10-05 18:06:19,227 [INFO] DbExamples:333 - Set plugin images path to: E:\STM32CubeIDE_1.7.0\STM32CubeIDE\plugins\com.st.stm32cube.common.mx_6.3.0.202107141111\\db\/plugins/mcufinder/images/
2023-10-05 18:06:19,227 [WARN] DbFile:35 - Overriding database path with different value: C:\Users\mitph\.stmcufinder\plugins\mcufinder/ => C:\Users\mitph\.stmcufinder\plugins\mcufinder
2023-10-05 18:06:19,227 [INFO] DbMcusAds:119 - Set database path to: C:\Users\mitph\.stmcufinder\plugins\mcufinder//mcu/
2023-10-05 18:06:19,227 [WARN] DbFile:35 - Overriding database path with different value: C:\Users\mitph\.stmcufinder\plugins\mcufinder/ => C:\Users\mitph\.stmcufinder\plugins\mcufinder
2023-10-05 18:06:19,227 [INFO] DbMcusDocs:110 - Set database path to: C:\Users\mitph\.stmcufinder\plugins\mcufinder//mcu/
2023-10-05 18:06:19,227 [WARN] DbFile:35 - Overriding database path with different value: C:\Users\mitph\.stmcufinder\plugins\mcufinder/ => C:\Users\mitph\.stmcufinder\plugins\mcufinder
2023-10-05 18:06:19,227 [INFO] DbMcusJson:64 - Set database path to: C:\Users\mitph\.stmcufinder\plugins\mcufinder//mcu/
2023-10-05 18:06:19,227 [WARN] DbFile:35 - Overriding database path with different value: C:\Users\mitph\.stmcufinder\plugins\mcufinder/ => C:\Users\mitph\.stmcufinder\plugins\mcufinder
2023-10-05 18:06:19,227 [INFO] DbBoardsDocs:110 - Set database path to: C:\Users\mitph\.stmcufinder\plugins\mcufinder//mcu/
2023-10-05 18:06:19,227 [WARN] DbFile:35 - Overriding database path with different value: C:\Users\mitph\.stmcufinder\plugins\mcufinder/ => C:\Users\mitph\.stmcufinder\plugins\mcufinder
2023-10-05 18:06:19,227 [INFO] DbBoardsJson:57 - Set database path to: C:\Users\mitph\.stmcufinder\plugins\mcufinder//mcu/
2023-10-05 18:06:19,227 [WARN] DbFile:35 - Overriding database path with different value: C:\Users\mitph\.stmcufinder\plugins\mcufinder/ => C:\Users\mitph\.stmcufinder\plugins\mcufinder
2023-10-05 18:06:19,227 [WARN] DbFile:35 - Overriding database path with different value: C:\Users\mitph\.stmcufinder\plugins\mcufinder/ => C:\Users\mitph\.stmcufinder\plugins\mcufinder
2023-10-05 18:06:19,227 [INFO] CrossReferenceDbSqlite:196 - Set database path to: C:\Users\mitph\.stmcufinder\plugins\mcufinder//mcu/cs/
2023-10-05 18:06:19,227 [WARN] DbFile:35 - Overriding database path with different value: C:\Users\mitph\.stmcufinder\plugins\mcufinder/ => C:\Users\mitph\.stmcufinder\plugins\mcufinder
2023-10-05 18:06:19,227 [INFO] DbExamplesSqlite:767 - Set database path to: C:\Users\mitph\.stmcufinder\plugins\mcufinder//mcu/
2023-10-05 18:06:19,247 [INFO] ApplicationProperties:181 - Using Application install path: E:\STM32CubeIDE_1.7.0\STM32CubeIDE\plugins\com.st.stm32cube.common.mx_6.3.0.202107141111
2023-10-05 18:06:19,247 [INFO] PluginManage:188 - Search for loadable plugins [exclusion list=, ]
2023-10-05 18:06:19,251 [INFO] PluginManage:302 - Check plugin analytics
2023-10-05 18:06:19,675 [INFO] AnalyticsPlugin:257 - Accepted Software Licenses: 
2023-10-05 18:06:19,675 [INFO] AnalyticsPlugin:259 - Accepted CMSIS Pack Licenses: 
2023-10-05 18:06:19,675 [INFO] AnalyticsPlugin:261 - Accepted Firmware Licenses: 
2023-10-05 18:06:19,675 [INFO] PluginManage:352 - Loaded plugin analytics (category:tool,tabindex:-1)
2023-10-05 18:06:19,675 [INFO] PluginManage:302 - Check plugin clock
2023-10-05 18:06:19,695 [INFO] PluginManage:352 - Loaded plugin clock (category:base,tabindex:2)
2023-10-05 18:06:19,695 [INFO] PluginManage:302 - Check plugin ddr
2023-10-05 18:06:19,699 [INFO] PluginManage:352 - Loaded plugin ddr (category:tool,tabindex:6)
2023-10-05 18:06:19,699 [INFO] PluginManage:302 - Check plugin filemanager
2023-10-05 18:06:19,831 [INFO] PluginManage:352 - Loaded plugin filemanager (category:base,tabindex:10)
2023-10-05 18:06:19,831 [INFO] PluginManage:302 - Check plugin ipmanager
2023-10-05 18:06:19,839 [INFO] PluginManage:352 - Loaded plugin ipmanager (category:base,tabindex:5)
2023-10-05 18:06:19,839 [INFO] PluginManage:302 - Check plugin pinoutandconfiguration
2023-10-05 18:06:19,859 [INFO] PluginManage:352 - Loaded plugin pinoutandconfiguration (category:base,tabindex:1)
2023-10-05 18:06:19,859 [INFO] PluginManage:302 - Check plugin pinoutconfig
2023-10-05 18:06:19,895 [INFO] PluginManage:352 - Loaded plugin pinoutconfig (category:base,tabindex:0)
2023-10-05 18:06:19,895 [INFO] PluginManage:302 - Check plugin power
2023-10-05 18:06:19,915 [INFO] PluginManage:352 - Loaded plugin power (category:power,tabindex:4)
2023-10-05 18:06:19,915 [INFO] PluginManage:302 - Check plugin projectmanager
2023-10-05 18:06:19,931 [INFO] PluginManage:352 - Loaded plugin projectmanager (category:projectmanager,tabindex:3)
2023-10-05 18:06:19,931 [INFO] PluginManage:302 - Check plugin thirdparty
2023-10-05 18:06:20,179 [INFO] PluginManage:352 - Loaded plugin thirdparty (category:base,tabindex:-1)
2023-10-05 18:06:20,179 [INFO] PluginManage:302 - Check plugin tools
2023-10-05 18:06:20,179 [WARN] IntegrityCheckThread:78 - waiting for thirdparty lock release [integrity check]
2023-10-05 18:06:20,179 [INFO] IntegrityCheckThread:80 - entering critical section [integrity check]
2023-10-05 18:06:20,179 [INFO] ThirdPartyUpdaterWithRetryManager:66 - Updater plugin not ready yet. [1/15]
2023-10-05 18:06:20,251 [INFO] PluginManage:352 - Loaded plugin tools (category:base,tabindex:7)
2023-10-05 18:06:20,251 [INFO] PluginManage:302 - Check plugin tutovideos
2023-10-05 18:06:20,487 [INFO] PluginManage:352 - Loaded plugin tutovideos (category:base,tabindex:-1)
2023-10-05 18:06:20,487 [INFO] PluginManage:302 - Check plugin updater
2023-10-05 18:06:20,499 [INFO] PluginManage:352 - Loaded plugin updater (category:base,tabindex:12)
2023-10-05 18:06:20,499 [INFO] PluginManage:275 - PluginManage : Loaded plugins [13]
2023-10-05 18:06:20,667 [INFO] PinOutPanel:1463 - setPackage(No Configuration,No Configuration)
2023-10-05 18:06:20,763 [INFO] IPUIPlugin:74 - create IPUIPlugin
2023-10-05 18:06:20,763 [INFO] PluginManager:213 - loadIPPluginJar : add adc
2023-10-05 18:06:20,811 [INFO] IPUIPlugin:74 - create IPUIPlugin
2023-10-05 18:06:20,815 [INFO] PluginManager:213 - loadIPPluginJar : add aes
2023-10-05 18:06:20,867 [INFO] IPUIPlugin:74 - create IPUIPlugin
2023-10-05 18:06:20,867 [INFO] PluginManager:213 - loadIPPluginJar : add can
2023-10-05 18:06:20,899 [INFO] IPUIPlugin:74 - create IPUIPlugin
2023-10-05 18:06:20,899 [INFO] PluginManager:213 - loadIPPluginJar : add comp
2023-10-05 18:06:20,935 [INFO] IPUIPlugin:74 - create IPUIPlugin
2023-10-05 18:06:20,935 [INFO] PluginManager:213 - loadIPPluginJar : add cryp
2023-10-05 18:06:20,975 [INFO] IPUIPlugin:74 - create IPUIPlugin
2023-10-05 18:06:20,975 [INFO] PluginManager:213 - loadIPPluginJar : add dfsdm
2023-10-05 18:06:20,987 [INFO] IPUIPlugin:74 - create IPUIPlugin
2023-10-05 18:06:20,987 [INFO] PluginManager:213 - loadIPPluginJar : add dma
2023-10-05 18:06:21,039 [INFO] IPUIPlugin:74 - create IPUIPlugin
2023-10-05 18:06:21,039 [INFO] PluginManager:213 - loadIPPluginJar : add dma3
2023-10-05 18:06:21,067 [INFO] IPUIPlugin:74 - create IPUIPlugin
2023-10-05 18:06:21,067 [INFO] PluginManager:213 - loadIPPluginJar : add fatfs
2023-10-05 18:06:21,127 [INFO] IPUIPlugin:74 - create IPUIPlugin
2023-10-05 18:06:21,127 [INFO] PluginManager:213 - loadIPPluginJar : add fmc
2023-10-05 18:06:21,139 [INFO] IPUIPlugin:74 - create IPUIPlugin
2023-10-05 18:06:21,139 [INFO] PluginManager:213 - loadIPPluginJar : add freertos
2023-10-05 18:06:21,171 [INFO] IPUIPlugin:74 - create IPUIPlugin
2023-10-05 18:06:21,171 [INFO] PluginManager:213 - loadIPPluginJar : add genericplugin
2023-10-05 18:06:21,271 [INFO] IPUIPlugin:74 - create IPUIPlugin
2023-10-05 18:06:21,271 [INFO] PluginManager:213 - loadIPPluginJar : add gfxmmu
2023-10-05 18:06:21,399 [INFO] IPUIPlugin:74 - create IPUIPlugin
2023-10-05 18:06:21,399 [INFO] PluginManager:213 - loadIPPluginJar : add gic
2023-10-05 18:06:21,415 [INFO] IPUIPlugin:74 - create IPUIPlugin
2023-10-05 18:06:21,415 [INFO] PluginManager:213 - loadIPPluginJar : add gpio
2023-10-05 18:06:21,495 [INFO] IPUIPlugin:74 - create IPUIPlugin
2023-10-05 18:06:21,495 [INFO] PluginManager:213 - loadIPPluginJar : add gtzc
2023-10-05 18:06:21,531 [INFO] IPUIPlugin:74 - create IPUIPlugin
2023-10-05 18:06:21,531 [INFO] PluginManager:213 - loadIPPluginJar : add hash
2023-10-05 18:06:21,587 [INFO] IPUIPlugin:74 - create IPUIPlugin
2023-10-05 18:06:21,587 [INFO] PluginManager:213 - loadIPPluginJar : add i2c
2023-10-05 18:06:21,635 [INFO] IPUIPlugin:74 - create IPUIPlugin
2023-10-05 18:06:21,635 [INFO] PluginManager:213 - loadIPPluginJar : add i2s
2023-10-05 18:06:21,643 [INFO] IPUIPlugin:74 - create IPUIPlugin
2023-10-05 18:06:21,643 [INFO] PluginManager:213 - loadIPPluginJar : add ipddr
2023-10-05 18:06:21,739 [INFO] IPUIPlugin:74 - create IPUIPlugin
2023-10-05 18:06:21,739 [INFO] PluginManager:213 - loadIPPluginJar : add linkedlist
2023-10-05 18:06:21,783 [INFO] IPUIPlugin:74 - create IPUIPlugin
2023-10-05 18:06:21,783 [INFO] PluginManager:213 - loadIPPluginJar : add lorawan
2023-10-05 18:06:21,823 [INFO] IPUIPlugin:74 - create IPUIPlugin
2023-10-05 18:06:21,823 [INFO] PluginManager:213 - loadIPPluginJar : add ltdc
2023-10-05 18:06:21,835 [INFO] IPUIPlugin:74 - create IPUIPlugin
2023-10-05 18:06:21,835 [INFO] PluginManager:213 - loadIPPluginJar : add mdma
2023-10-05 18:06:21,847 [INFO] IPUIPlugin:74 - create IPUIPlugin
2023-10-05 18:06:21,847 [INFO] PluginManager:213 - loadIPPluginJar : add nvic
2023-10-05 18:06:21,891 [INFO] IPUIPlugin:74 - create IPUIPlugin
2023-10-05 18:06:21,891 [INFO] PluginManager:213 - loadIPPluginJar : add opamp
2023-10-05 18:06:21,959 [INFO] IPUIPlugin:74 - create IPUIPlugin
2023-10-05 18:06:21,959 [INFO] PluginManager:213 - loadIPPluginJar : add openamp
2023-10-05 18:06:22,015 [INFO] IPUIPlugin:74 - create IPUIPlugin
2023-10-05 18:06:22,015 [INFO] PluginManager:213 - loadIPPluginJar : add pdm2pcm
2023-10-05 18:06:22,031 [INFO] IPUIPlugin:74 - create IPUIPlugin
2023-10-05 18:06:22,035 [INFO] PluginManager:213 - loadIPPluginJar : add plateformsettings
2023-10-05 18:06:22,067 [INFO] IPUIPlugin:74 - create IPUIPlugin
2023-10-05 18:06:22,071 [INFO] PluginManager:213 - loadIPPluginJar : add quadspi
2023-10-05 18:06:22,103 [INFO] IPUIPlugin:74 - create IPUIPlugin
2023-10-05 18:06:22,107 [INFO] PluginManager:213 - loadIPPluginJar : add resmgrutility
2023-10-05 18:06:22,183 [INFO] IPUIPlugin:74 - create IPUIPlugin
2023-10-05 18:06:22,183 [INFO] PluginManager:213 - loadIPPluginJar : add sai
2023-10-05 18:06:22,235 [INFO] IPUIPlugin:74 - create IPUIPlugin
2023-10-05 18:06:22,235 [INFO] PluginManager:213 - loadIPPluginJar : add spi
2023-10-05 18:06:22,299 [INFO] IPUIPlugin:74 - create IPUIPlugin
2023-10-05 18:06:22,299 [INFO] PluginManager:213 - loadIPPluginJar : add stm32_wpan
2023-10-05 18:06:22,331 [INFO] IPUIPlugin:74 - create IPUIPlugin
2023-10-05 18:06:22,331 [INFO] PluginManager:213 - loadIPPluginJar : add tim
2023-10-05 18:06:22,399 [INFO] IPUIPlugin:74 - create IPUIPlugin
2023-10-05 18:06:22,399 [INFO] PluginManager:213 - loadIPPluginJar : add touchsensing
2023-10-05 18:06:22,431 [INFO] IPUIPlugin:74 - create IPUIPlugin
2023-10-05 18:06:22,431 [INFO] PluginManager:213 - loadIPPluginJar : add tracer_emb
2023-10-05 18:06:22,463 [INFO] IPUIPlugin:74 - create IPUIPlugin
2023-10-05 18:06:22,463 [INFO] PluginManager:213 - loadIPPluginJar : add ts
2023-10-05 18:06:22,491 [INFO] IPUIPlugin:74 - create IPUIPlugin
2023-10-05 18:06:22,491 [INFO] PluginManager:213 - loadIPPluginJar : add tsc
2023-10-05 18:06:22,519 [INFO] IPUIPlugin:74 - create IPUIPlugin
2023-10-05 18:06:22,519 [INFO] PluginManager:213 - loadIPPluginJar : add ucpd
2023-10-05 18:06:22,571 [INFO] IPUIPlugin:74 - create IPUIPlugin
2023-10-05 18:06:22,571 [INFO] PluginManager:213 - loadIPPluginJar : add usart
2023-10-05 18:06:22,615 [INFO] IPUIPlugin:74 - create IPUIPlugin
2023-10-05 18:06:22,615 [INFO] PluginManager:213 - loadIPPluginJar : add usbx
2023-10-05 18:06:22,978 [FATAL] Updater:294 - Updater called before beeing initialized
2023-10-05 18:06:23,086 [FATAL] Updater:294 - Updater called before beeing initialized
2023-10-05 18:06:23,090 [INFO] DbMcusAds:47 - JSON generation date=Tue Mar 07 15:50:55 ICT 2023 (1678179055114)
2023-10-05 18:06:23,090 [FATAL] Updater:294 - Updater called before beeing initialized
2023-10-05 18:06:23,170 [WARN] DetailPanel:314 - Failed to get advertising image, set to default
2023-10-05 18:06:23,194 [INFO] ThirdPartyUpdaterWithRetryManager:66 - Updater plugin not ready yet. [2/15]
2023-10-05 18:06:23,274 [FATAL] Updater:294 - Updater called before beeing initialized
2023-10-05 18:06:23,278 [FATAL] Updater:294 - Updater called before beeing initialized
2023-10-05 18:06:23,278 [FATAL] Updater:294 - Updater called before beeing initialized
2023-10-05 18:06:23,278 [WARN] DetailPanel:314 - Failed to get advertising image, set to default
2023-10-05 18:06:23,278 [FATAL] Updater:294 - Updater called before beeing initialized
2023-10-05 18:06:23,338 [ERROR] Updater:1075 - MainUpdater not yet initialized. External WinMGr cannot be set.
2023-10-05 18:06:23,346 [INFO] Updater:1012 - Updater Version found : 6.3.0
2023-10-05 18:06:23,366 [INFO] ApplicationProperties:181 - Using Application install path: E:\STM32CubeIDE_1.7.0\STM32CubeIDE\plugins\com.st.stm32cube.common.mx_6.3.0.202107141111
2023-10-05 18:06:23,838 [INFO] MainUpdater:2671 - connection check result : 10
2023-10-05 18:06:23,838 [INFO] MainUpdater:265 - Updater Check For Update Now.
2023-10-05 18:06:23,838 [INFO] MicroXplorer:478 - Change Database Version : DB.6.0.30
2023-10-05 18:06:24,022 [INFO] CheckServerUpdateThread:112 - End of CheckServer Thread
2023-10-05 18:06:24,082 [INFO] MainUpdater:2671 - connection check result : 10
2023-10-05 18:06:24,106 [INFO] McuFinderGlobals:52 - Set McuFinderConnectedMode to true
2023-10-05 18:06:24,242 [INFO] ServerAccessManage:362 - Download File mcusAds.json._tmp_
2023-10-05 18:06:24,374 [INFO] LoadUrlFilesThread:145 - End of LoadUrlFiles Thread
2023-10-05 18:06:25,551 [INFO] ServerAccessManage:362 - Download File mcusDocs.json._tmp_
2023-10-05 18:06:26,205 [WARN] MainUpdater:1122 - Updater busy. Cannot search thirdparties
2023-10-05 18:06:26,205 [INFO] ThirdPartyUpdaterWithRetryManager:92 - Updater plugin is busy. [1/15]
2023-10-05 18:06:26,381 [INFO] LoadUrlFilesThread:145 - End of LoadUrlFiles Thread
2023-10-05 18:06:26,664 [INFO] ServerAccessManage:362 - Download File mcusFeaturesAndDescription.json._tmp_
2023-10-05 18:06:29,208 [WARN] MainUpdater:1122 - Updater busy. Cannot search thirdparties
2023-10-05 18:06:29,208 [INFO] ThirdPartyUpdaterWithRetryManager:92 - Updater plugin is busy. [2/15]
2023-10-05 18:06:31,090 [INFO] LoadUrlFilesThread:145 - End of LoadUrlFiles Thread
2023-10-05 18:06:31,405 [INFO] ServerAccessManage:362 - Download File boardsDocs.json._tmp_
2023-10-05 18:06:31,575 [INFO] LoadUrlFilesThread:145 - End of LoadUrlFiles Thread
2023-10-05 18:06:31,879 [INFO] ServerAccessManage:362 - Download File boards.json._tmp_
2023-10-05 18:06:32,220 [WARN] MainUpdater:1122 - Updater busy. Cannot search thirdparties
2023-10-05 18:06:32,220 [INFO] ThirdPartyUpdaterWithRetryManager:92 - Updater plugin is busy. [3/15]
2023-10-05 18:06:32,400 [INFO] LoadUrlFilesThread:145 - End of LoadUrlFiles Thread
2023-10-05 18:06:32,865 [INFO] ServerAccessManage:362 - Download File cube-finder-db.zip
2023-10-05 18:06:35,225 [WARN] MainUpdater:1122 - Updater busy. Cannot search thirdparties
2023-10-05 18:06:35,225 [INFO] ThirdPartyUpdaterWithRetryManager:92 - Updater plugin is busy. [4/15]
2023-10-05 18:06:38,234 [WARN] MainUpdater:1122 - Updater busy. Cannot search thirdparties
2023-10-05 18:06:38,234 [INFO] ThirdPartyUpdaterWithRetryManager:92 - Updater plugin is busy. [5/15]
2023-10-05 18:06:41,240 [WARN] MainUpdater:1122 - Updater busy. Cannot search thirdparties
2023-10-05 18:06:41,240 [INFO] ThirdPartyUpdaterWithRetryManager:92 - Updater plugin is busy. [6/15]
2023-10-05 18:06:44,244 [WARN] MainUpdater:1122 - Updater busy. Cannot search thirdparties
2023-10-05 18:06:44,244 [INFO] ThirdPartyUpdaterWithRetryManager:92 - Updater plugin is busy. [7/15]
2023-10-05 18:06:46,887 [INFO] FileExtend:235 - Unzip File : cube-finder-db.zip
2023-10-05 18:06:46,891 [INFO] FileExtend:250 - Standard Zip Deflate
2023-10-05 18:06:47,247 [WARN] MainUpdater:1122 - Updater busy. Cannot search thirdparties
2023-10-05 18:06:47,247 [INFO] ThirdPartyUpdaterWithRetryManager:92 - Updater plugin is busy. [8/15]
2023-10-05 18:06:47,879 [INFO] LoadUrlFilesThread:145 - End of LoadUrlFiles Thread
2023-10-05 18:06:48,940 [INFO] ServerAccessManage:362 - Download File crdb.zip
2023-10-05 18:06:50,255 [WARN] MainUpdater:1122 - Updater busy. Cannot search thirdparties
2023-10-05 18:06:50,255 [INFO] ThirdPartyUpdaterWithRetryManager:92 - Updater plugin is busy. [9/15]
2023-10-05 18:06:50,401 [INFO] FileExtend:235 - Unzip File : crdb.zip
2023-10-05 18:06:50,401 [INFO] FileExtend:250 - Standard Zip Deflate
2023-10-05 18:06:50,577 [INFO] LoadUrlFilesThread:145 - End of LoadUrlFiles Thread
2023-10-05 18:06:50,809 [INFO] ServerAccessManage:362 - Download File tutoVideoDB.zip
2023-10-05 18:06:50,873 [INFO] FileExtend:235 - Unzip File : tutoVideoDB.zip
2023-10-05 18:06:50,877 [INFO] FileExtend:250 - Standard Zip Deflate
2023-10-05 18:06:51,057 [INFO] LoadUrlFilesThread:145 - End of LoadUrlFiles Thread
2023-10-05 18:06:51,061 [INFO] DbMcusAds:47 - JSON generation date=Tue Mar 07 15:50:55 ICT 2023 (1678179055114)
2023-10-05 18:06:51,085 [INFO] DbMcusDocs:143 - JSON generation date=Tue Nov 16 23:17:54 ICT 2021 (1637079474)
2023-10-05 18:06:51,093 [INFO] DbMcusXml:100 - Load MCU database from E:\STM32CubeIDE_1.7.0\STM32CubeIDE\plugins\com.st.stm32cube.common.mx_6.3.0.202107141111\\db\/mcu/families.xml
2023-10-05 18:06:52,177 [INFO] DbMcusJson:93 - JSON generation date=Tue Nov 16 23:17:54 ICT 2021 (1637079474)
2023-10-05 18:06:53,197 [INFO] DbMcus:175 - Found 1951 MCUs (1903 are supported by CubeMX, 1914 are visible in CubeMX)
2023-10-05 18:06:53,205 [INFO] ApiDb:251 - Load user favorites file C:\Users\mitph/.stm32cubeide/favorites.mcus.txt: 2 item(s)
2023-10-05 18:06:53,205 [INFO] ApiDb:255 - User favorites MCUs=[STM32F103C6Ux, STM32F103RBTx]
2023-10-05 18:06:53,205 [INFO] DbMcus:187 - Set 2 / 2 favorites MCUs
2023-10-05 18:06:53,421 [ERROR] Engine:463 - C:\Users\mitph\.stm32cubemx\thirdparties\pdsc\STMicroelectronics.X-CUBE-SMBUS.2.1.0.pdsc: PDSC version is not supported
2023-10-05 18:06:53,501 [WARN] PackLoader:238 - Cannot read IP mode file for STMicroelectronics.X-CUBE-AZRTOS-F7.1.1.0
2023-10-05 18:06:53,521 [ERROR] Engine:463 - C:\Users\mitph\.stm32cubemx\thirdparties\pdsc\STMicroelectronics.FP-SNS-MOTENV1.4.3.2.pdsc: PDSC version is not supported
2023-10-05 18:06:53,533 [ERROR] Engine:463 - C:\Users\mitph\.stm32cubemx\thirdparties\pdsc\STMicroelectronics.FP-SNS-FLIGHT1.5.0.2.pdsc: PDSC version is not supported
2023-10-05 18:06:53,545 [ERROR] Engine:463 - C:\Users\mitph\.stm32cubemx\thirdparties\pdsc\STMicroelectronics.X-CUBE-DISPLAY.3.0.0.pdsc: PDSC version is not supported
2023-10-05 18:06:53,561 [WARN] PackLoader:238 - Cannot read IP mode file for STMicroelectronics.X-CUBE-BLE1.7.0.0
2023-10-05 18:06:53,573 [ERROR] Engine:463 - C:\Users\mitph\.stm32cubemx\thirdparties\pdsc\emotas.I-CUBE-CANOPEN.1.3.0.pdsc: PDSC version is not supported
2023-10-05 18:06:53,585 [WARN] PackLoader:238 - Cannot read IP mode file for STMicroelectronics.X-CUBE-TOUCHGFX.4.22.0
2023-10-05 18:06:53,597 [WARN] PackLoader:238 - Cannot read IP mode file for STMicroelectronics.X-CUBE-TOUCHGFX.4.22.1
2023-10-05 18:06:53,609 [ERROR] Engine:463 - C:\Users\mitph\.stm32cubemx\thirdparties\pdsc\STMicroelectronics.FP-SNS-SMARTAG2.1.2.0.pdsc: PDSC version is not supported
2023-10-05 18:06:53,633 [INFO] LogOutputStream:76 - [STDOUT_REDIRECT] 1 : Invalid condition id : UX_CORESTACK_Condition cause : null
2023-10-05 18:06:53,637 [INFO] LogOutputStream:76 - [STDOUT_REDIRECT] 1 : Invalid condition id : UX_CORESTACK_Condition cause : null
2023-10-05 18:06:53,637 [INFO] LogOutputStream:76 - [STDOUT_REDIRECT] 1 : Invalid condition id : UX_CORESTACK_Condition cause : null
2023-10-05 18:06:53,641 [INFO] LogOutputStream:76 - [STDOUT_REDIRECT] 1 : Invalid condition id : UX_CORESTACK_Condition cause : null
2023-10-05 18:06:53,641 [INFO] LogOutputStream:76 - [STDOUT_REDIRECT] 1 : Invalid condition id : UX_CORESTACK_Condition cause : null
2023-10-05 18:06:53,645 [WARN] PackLoader:238 - Cannot read IP mode file for STMicroelectronics.X-CUBE-AZRTOS-WL.2.0.0
2023-10-05 18:06:53,665 [WARN] PackLoader:238 - Cannot read IP mode file for WES.I-CUBE-Cesium.1.3.0
2023-10-05 18:06:53,681 [WARN] PackLoader:238 - Cannot read IP mode file for STMicroelectronics.X-CUBE-BLE2.3.3.0
2023-10-05 18:06:53,697 [WARN] PackLoader:238 - Cannot read IP mode file for STMicroelectronics.X-CUBE-ALGOBUILD.1.3.0
2023-10-05 18:06:53,741 [WARN] PackLoader:238 - Cannot read IP mode file for STMicroelectronics.X-CUBE-AZRTOS-G0.1.1.0
2023-10-05 18:06:53,757 [WARN] PackLoader:238 - Cannot read IP mode file for STMicroelectronics.X-CUBE-NFC4.3.0.0
2023-10-05 18:06:53,773 [WARN] PackLoader:238 - Cannot read IP mode file for STMicroelectronics.FP-ATR-SIGFOX1.3.2.0
2023-10-05 18:06:53,829 [WARN] PackLoader:238 - Cannot read IP mode file for SEGGER.I-CUBE-embOS.1.3.1
2023-10-05 18:06:53,857 [INFO] DbMcusDocs:79 - Found 682 MCUs documents
2023-10-05 18:06:53,861 [INFO] ApiDb:276 - Save user favorites file C:\Users\mitph/.stm32cubeide/favorites.mcus.txt: 2 item(s)
2023-10-05 18:06:53,861 [INFO] ApiDb:280 - User favorites MCUs=[STM32F103C6Ux, STM32F103RBTx]
2023-10-05 18:06:53,861 [INFO] DbMcusXml:100 - Load MCU database from E:\STM32CubeIDE_1.7.0\STM32CubeIDE\plugins\com.st.stm32cube.common.mx_6.3.0.202107141111\\db\/mcu/families.xml
2023-10-05 18:06:53,889 [WARN] PackLoader:238 - Cannot read IP mode file for STMicroelectronics.X-CUBE-GNSS1.6.0.0
2023-10-05 18:06:53,929 [WARN] PackLoader:238 - Cannot read IP mode file for STMicroelectronics.X-CUBE-AZRTOS-F4.1.1.0
2023-10-05 18:06:53,953 [WARN] PackLoader:238 - Cannot read IP mode file for wolfSSL.I-CUBE-wolfSSL.5.6.3
2023-10-05 18:06:54,001 [WARN] PackLoader:238 - Cannot read IP mode file for STMicroelectronics.X-CUBE-AZRTOS-L5.2.0.0
2023-10-05 18:06:54,113 [WARN] PackLoader:238 - Cannot read IP mode file for STMicroelectronics.X-CUBE-MEMS1.9.6.0
2023-10-05 18:06:54,385 [ERROR] Engine:463 - C:\Users\mitph\.stm32cubemx\thirdparties\pdsc\ITTIA_DB.I-CUBE-ITTIADB.8.8.0.pdsc: PDSC version is not supported
2023-10-05 18:06:54,405 [WARN] PackLoader:238 - Cannot read IP mode file for STMicroelectronics.X-CUBE-BLEMGR.2.0.0
2023-10-05 18:06:54,449 [WARN] ConditionMgr:437 - getConditionDescription Invalid condition id : UX DEVICE CLASS RTOS Condition cause : null
2023-10-05 18:06:54,449 [WARN] ConditionMgr:437 - getConditionDescription Invalid condition id : UX DEVICE CLASS RTOS Condition cause : null
2023-10-05 18:06:54,453 [WARN] PackLoader:238 - Cannot read IP mode file for STMicroelectronics.X-CUBE-AZRTOS-H7.3.1.0
2023-10-05 18:06:54,453 [WARN] ConditionMgr:1038 - genDependencies : Invalid condition id : UX DEVICE CLASS RTOS Condition cause : null
2023-10-05 18:06:54,453 [WARN] ConditionMgr:1038 - genDependencies : Invalid condition id : UX DEVICE CLASS RTOS Condition cause : null
2023-10-05 18:06:54,453 [WARN] ConditionMgr:1038 - genDependencies : Invalid condition id : UX DEVICE CLASS RTOS Condition cause : null
2023-10-05 18:06:54,457 [WARN] ConditionMgr:1038 - genDependencies : Invalid condition id : UX DEVICE CLASS RTOS Condition cause : null
2023-10-05 18:06:54,457 [WARN] ConditionMgr:1038 - genDependencies : Invalid condition id : UX DEVICE CLASS RTOS Condition cause : null
2023-10-05 18:06:54,469 [WARN] PackLoader:238 - Cannot read IP mode file for STMicroelectronics.X-CUBE-NFC7.1.0.1
2023-10-05 18:06:54,497 [WARN] PackLoader:238 - Cannot read IP mode file for STMicroelectronics.X-CUBE-NFC6.3.0.0
2023-10-05 18:06:54,525 [WARN] PackLoader:238 - Cannot read IP mode file for STMicroelectronics.X-CUBE-EEPRMA1.4.1.0
2023-10-05 18:06:54,541 [WARN] PackLoader:238 - Cannot read IP mode file for STMicroelectronics.X-CUBE-AI.8.1.0
2023-10-05 18:06:54,577 [WARN] ConditionMgr:437 - getConditionDescription Invalid condition id : LAN8742 Phy interface Condition cause : null
2023-10-05 18:06:54,581 [WARN] PackLoader:238 - Cannot read IP mode file for STMicroelectronics.X-CUBE-AZRTOS-L4.2.0.0
2023-10-05 18:06:54,581 [WARN] ConditionMgr:1038 - genDependencies : Invalid condition id : LAN8742 Phy interface Condition cause : null
2023-10-05 18:06:54,581 [WARN] ConditionMgr:1038 - genDependencies : Invalid condition id : LAN8742 Phy interface Condition cause : null
2023-10-05 18:06:54,581 [WARN] ConditionMgr:1038 - genDependencies : Invalid condition id : LAN8742 Phy interface Condition cause : null
2023-10-05 18:06:54,601 [WARN] PackLoader:238 - Cannot read IP mode file for STMicroelectronics.X-CUBE-SFXS2LP1.4.0.0
2023-10-05 18:06:54,617 [WARN] PackLoader:238 - Cannot read IP mode file for STMicroelectronics.X-CUBE-ISPU.1.1.0
2023-10-05 18:06:54,645 [WARN] ConditionMgr:437 - getConditionDescription Invalid condition id : UX DEVICE CLASS RTOS Condition cause : null
2023-10-05 18:06:54,645 [WARN] ConditionMgr:437 - getConditionDescription Invalid condition id : UX DEVICE CLASS RTOS Condition cause : null
2023-10-05 18:06:54,649 [WARN] PackLoader:238 - Cannot read IP mode file for STMicroelectronics.X-CUBE-AZRTOS-WB.2.0.0
2023-10-05 18:06:54,649 [WARN] ConditionMgr:1038 - genDependencies : Invalid condition id : UX DEVICE CLASS RTOS Condition cause : null
2023-10-05 18:06:54,649 [WARN] ConditionMgr:1038 - genDependencies : Invalid condition id : UX DEVICE CLASS RTOS Condition cause : null
2023-10-05 18:06:54,649 [WARN] ConditionMgr:1038 - genDependencies : Invalid condition id : UX DEVICE CLASS RTOS Condition cause : null
2023-10-05 18:06:54,649 [WARN] ConditionMgr:1038 - genDependencies : Invalid condition id : UX DEVICE CLASS RTOS Condition cause : null
2023-10-05 18:06:54,649 [WARN] ConditionMgr:1038 - genDependencies : Invalid condition id : UX DEVICE CLASS RTOS Condition cause : null
2023-10-05 18:06:54,673 [WARN] PackLoader:238 - Cannot read IP mode file for STMicroelectronics.X-CUBE-SUBG2.5.0.0
2023-10-05 18:06:54,733 [ERROR] Engine:463 - C:\Users\mitph\.stm32cubemx\thirdparties\pdsc\STMicroelectronics.X-CUBE-TOF1.3.3.1.pdsc: PDSC version is not supported
2023-10-05 18:06:54,769 [WARN] PackLoader:238 - Cannot read IP mode file for STMicroelectronics.X-CUBE-AZRTOS-G4.2.0.0
2023-10-05 18:06:54,789 [ERROR] Engine:463 - C:\Users\mitph\.stm32cubemx\thirdparties\pdsc\STMicroelectronics.X-CUBE-FREERTOS.1.1.0.pdsc: PDSC version is not supported
2023-10-05 18:06:54,805 [INFO] DbMcusJson:93 - JSON generation date=Tue Nov 16 23:17:54 ICT 2021 (1637079474)
2023-10-05 18:06:54,805 [WARN] PackLoader:238 - Cannot read IP mode file for portGmbH.I-Cube-SoM-uGOAL.1.1.0
2023-10-05 18:06:54,821 [WARN] PackLoader:238 - Cannot read IP mode file for STMicroelectronics.X-CUBE-ALS.1.0.1
2023-10-05 18:06:54,845 [WARN] PackLoader:238 - Cannot read IP mode file for STMicroelectronics.FP-ATR-ASTRA1.2.0.0
2023-10-05 18:06:54,845 [INFO] ThirdParty:915 - Integrity check success = true
2023-10-05 18:06:54,845 [INFO] IntegrityCheckThread:94 - exiting critical section [integrity check]
2023-10-05 18:06:54,845 [INFO] IntegrityCheckThread:97 - End integrity checks thread
2023-10-05 18:06:55,637 [INFO] DbMcus:175 - Found 1951 MCUs (1903 are supported by CubeMX, 1914 are visible in CubeMX)
2023-10-05 18:06:55,637 [INFO] ApiDb:251 - Load user favorites file C:\Users\mitph/.stm32cubeide/favorites.mcus.txt: 2 item(s)
2023-10-05 18:06:55,637 [INFO] ApiDb:255 - User favorites MCUs=[STM32F103C6Ux, STM32F103RBTx]
2023-10-05 18:06:55,637 [INFO] DbMcus:187 - Set 2 / 2 favorites MCUs
2023-10-05 18:06:55,645 [INFO] DbBoardsDocs:143 - JSON generation date=Tue Nov 16 23:17:54 ICT 2021 (1637079474)
2023-10-05 18:06:55,665 [INFO] DbBoardsPdsc:90 - Found 25 items
2023-10-05 18:06:55,681 [INFO] DbBoardsPdsc:90 - Found 9 items
2023-10-05 18:06:55,693 [INFO] DbBoardsPdsc:90 - Found 33 items
2023-10-05 18:06:55,709 [INFO] DbBoardsPdsc:90 - Found 1 items
2023-10-05 18:06:55,729 [INFO] DbBoardsPdsc:90 - Found 48 items
2023-10-05 18:06:55,753 [INFO] DbBoardsPdsc:90 - Found 43 items
2023-10-05 18:06:55,765 [INFO] DbBoardsPdsc:90 - Found 2 items
2023-10-05 18:06:55,777 [INFO] DbBoardsPdsc:90 - Found 5 items
2023-10-05 18:06:55,785 [WARN] DbBoardsPdsc:254 - Board STM32H7B3I-DK: unknown feature type=Audio, name=, username=Audio stereo codec with Headphone Amp (CS42L51-CNZ), n=1
2023-10-05 18:06:55,785 [WARN] DbBoardsPdsc:254 - Board STM32H735G-DK: unknown feature type=Audio, name=, username=Audio stereo codec with Headphone Amp (WM8994ECS/R), n=1
2023-10-05 18:06:55,789 [WARN] DbBoardsPdsc:254 - Board STM32H7B3I-EVAL: unknown feature type=Audio, name=, username=Multi-Channel Audio Codec (CS42L51-CNZ), n=1
2023-10-05 18:06:55,789 [WARN] DbBoardsPdsc:254 - Board STM32H7B3I-EVAL: unknown feature type=Meter, name=, username=Power-metering and Temperature-monitoring with sigma-delta modulators, n=1
2023-10-05 18:06:55,789 [WARN] DbBoardsPdsc:254 - Board STM32H7B3I-EVAL: unknown feature type=Motor, name=, username=Motor Control, n=1
2023-10-05 18:06:55,789 [WARN] DbBoardsPdsc:254 - Board STM32U575I-EV: unknown feature type=joystick, name=, username=4-direction joystick with selection button, n=1
2023-10-05 18:06:55,825 [INFO] DbBoardsJson:86 - JSON generation date=Tue Nov 16 23:17:54 ICT 2021 (1637079474)
2023-10-05 18:06:55,837 [INFO] DbBoards:117 - Found 167 boards (163 are supported by CubeMX)
2023-10-05 18:06:55,857 [INFO] DbBoardsDocs:143 - JSON generation date=Tue Nov 16 23:17:54 ICT 2021 (1637079474)
2023-10-05 18:06:55,861 [INFO] DbBoardsDocs:79 - Found 209 boards documents
2023-10-05 18:06:55,861 [WARN] DbBoards:127 - board B-L475E-IOT01A2 has no document id list !
2023-10-05 18:06:55,865 [WARN] DbBoards:127 - board NUCLEO-H743ZI has no document id list !
2023-10-05 18:06:55,865 [WARN] DbBoards:127 - board NUCLEO-WL55JC2 has no document id list !
2023-10-05 18:06:55,865 [WARN] DbBoards:127 - board P-NUCLEO-WB55-Nucleo has no document id list !
2023-10-05 18:06:55,865 [WARN] DbBoards:127 - board P-NUCLEO-WB55-USBDongle has no document id list !
2023-10-05 18:06:55,865 [WARN] DbBoards:127 - board STEVAL-BFA001V1B has no document id list !
2023-10-05 18:06:55,865 [WARN] DbBoards:127 - board STEVAL-BFA001V2B has no document id list !
2023-10-05 18:06:55,865 [WARN] DbBoards:127 - board STEVAL-IDP005V1 has no document id list !
2023-10-05 18:06:55,865 [WARN] DbBoards:127 - board STEVAL-IDP005V2 has no document id list !
2023-10-05 18:06:55,865 [WARN] DbBoards:127 - board STEVAL-MKSBOX1V1 has no document id list !
2023-10-05 18:06:55,865 [WARN] DbBoards:127 - board STEVAL-STWINKT1 has no document id list !
2023-10-05 18:06:55,865 [WARN] DbBoards:127 - board STEVAL-STWINKT1B has no document id list !
2023-10-05 18:06:55,865 [WARN] DbBoards:127 - board STM32439I-EVAL2 has no document id list !
2023-10-05 18:06:55,865 [WARN] DbBoards:127 - board STM32F401C-DISCO has no document id list !
2023-10-05 18:06:55,865 [WARN] DbBoards:127 - board STM32F769I-DISC1 has no document id list !
2023-10-05 18:06:55,869 [WARN] DbBoards:127 - board STM32G474E-EVAL1 has no document id list !
2023-10-05 18:06:55,869 [WARN] DbBoards:127 - board STM32H743I-EVAL2 has no document id list !
2023-10-05 18:06:55,869 [WARN] DbBoards:127 - board STM32H747I-DISC1 has no document id list !
2023-10-05 18:06:55,869 [WARN] DbBoards:127 - board STM32H753I-EVAL2 has no document id list !
2023-10-05 18:06:55,869 [WARN] DbBoards:127 - board STM32L-DISCOVERY has no document id list !
2023-10-05 18:06:56,109 [ERROR] DbBoards:189 - Image file not found for board B-U585I-IOT02A: E:\STM32CubeIDE_1.7.0\STM32CubeIDE\plugins\com.st.stm32cube.common.mx_6.3.0.202107141111\\db\/plugins/mcufinder/images/boards/B-U585I-IOT02A_small.jpg
2023-10-05 18:06:56,257 [ERROR] DbBoards:189 - Image file not found for board NUCLEO-F413ZH: E:\STM32CubeIDE_1.7.0\STM32CubeIDE\plugins\com.st.stm32cube.common.mx_6.3.0.202107141111\\db\/plugins/mcufinder/images/boards/nucleo-f413zh_small.jpg
2023-10-05 18:06:56,489 [ERROR] DbBoards:189 - Image file not found for board NUCLEO-L552ZE-Q: E:\STM32CubeIDE_1.7.0\STM32CubeIDE\plugins\com.st.stm32cube.common.mx_6.3.0.202107141111\\db\/plugins/mcufinder/images/boards/nucleo_l552ze_q_small.jpg
2023-10-05 18:06:56,489 [ERROR] DbBoards:189 - Image file not found for board NUCLEO-U575ZI-Q: E:\STM32CubeIDE_1.7.0\STM32CubeIDE\plugins\com.st.stm32cube.common.mx_6.3.0.202107141111\\db\/plugins/mcufinder/images/boards/nucleo-u575zi-q_small.jpg
2023-10-05 18:06:56,489 [ERROR] DbBoards:189 - Image file not found for board NUCLEO-WB15CC: E:\STM32CubeIDE_1.7.0\STM32CubeIDE\plugins\com.st.stm32cube.common.mx_6.3.0.202107141111\\db\/plugins/mcufinder/images/boards/nucleo-wb15cc_small.jpg
2023-10-05 18:06:56,489 [ERROR] DbBoards:189 - Image file not found for board NUCLEO-WB55RG: E:\STM32CubeIDE_1.7.0\STM32CubeIDE\plugins\com.st.stm32cube.common.mx_6.3.0.202107141111\\db\/plugins/mcufinder/images/boards/nucleo-wb55rg_small.jpg
2023-10-05 18:06:58,557 [INFO] ApiDb:251 - Load user favorites file C:\Users\mitph/.stm32cubeide/favorites.boards.txt: 0 item(s)
2023-10-05 18:06:58,557 [INFO] ApiDb:255 - User favorites Boards=[]
2023-10-05 18:06:58,557 [INFO] DbBoards:206 - Set 0 / 0 favorites Boards
2023-10-05 18:06:58,561 [INFO] DbBoardsDocs:79 - Found 418 boards documents
2023-10-05 18:06:58,561 [INFO] ApiDb:276 - Save user favorites file C:\Users\mitph/.stm32cubeide/favorites.boards.txt: 0 item(s)
2023-10-05 18:06:58,561 [INFO] ApiDb:280 - User favorites Boards=[]
2023-10-05 18:06:58,561 [INFO] DbBoardsPdsc:90 - Found 25 items
2023-10-05 18:06:58,565 [INFO] DbBoardsPdsc:90 - Found 9 items
2023-10-05 18:06:58,569 [INFO] DbBoardsPdsc:90 - Found 33 items
2023-10-05 18:06:58,569 [INFO] DbBoardsPdsc:90 - Found 1 items
2023-10-05 18:06:58,573 [INFO] DbBoardsPdsc:90 - Found 48 items
2023-10-05 18:06:58,581 [INFO] DbBoardsPdsc:90 - Found 43 items
2023-10-05 18:06:58,581 [INFO] DbBoardsPdsc:90 - Found 2 items
2023-10-05 18:06:58,581 [INFO] DbBoardsPdsc:90 - Found 5 items
2023-10-05 18:06:58,585 [WARN] DbBoardsPdsc:254 - Board STM32H7B3I-DK: unknown feature type=Audio, name=, username=Audio stereo codec with Headphone Amp (CS42L51-CNZ), n=1
2023-10-05 18:06:58,585 [WARN] DbBoardsPdsc:254 - Board STM32H735G-DK: unknown feature type=Audio, name=, username=Audio stereo codec with Headphone Amp (WM8994ECS/R), n=1
2023-10-05 18:06:58,589 [WARN] DbBoardsPdsc:254 - Board STM32H7B3I-EVAL: unknown feature type=Audio, name=, username=Multi-Channel Audio Codec (CS42L51-CNZ), n=1
2023-10-05 18:06:58,589 [WARN] DbBoardsPdsc:254 - Board STM32H7B3I-EVAL: unknown feature type=Meter, name=, username=Power-metering and Temperature-monitoring with sigma-delta modulators, n=1
2023-10-05 18:06:58,589 [WARN] DbBoardsPdsc:254 - Board STM32H7B3I-EVAL: unknown feature type=Motor, name=, username=Motor Control, n=1
2023-10-05 18:06:58,589 [WARN] DbBoardsPdsc:254 - Board STM32U575I-EV: unknown feature type=joystick, name=, username=4-direction joystick with selection button, n=1
2023-10-05 18:06:58,625 [INFO] DbBoardsJson:86 - JSON generation date=Tue Nov 16 23:17:54 ICT 2021 (1637079474)
2023-10-05 18:06:58,629 [INFO] DbBoards:117 - Found 167 boards (163 are supported by CubeMX)
2023-10-05 18:06:58,633 [WARN] DbBoards:127 - board B-L475E-IOT01A2 has no document id list !
2023-10-05 18:06:58,633 [WARN] DbBoards:127 - board NUCLEO-H743ZI has no document id list !
2023-10-05 18:06:58,633 [WARN] DbBoards:127 - board NUCLEO-WL55JC2 has no document id list !
2023-10-05 18:06:58,633 [WARN] DbBoards:127 - board P-NUCLEO-WB55-Nucleo has no document id list !
2023-10-05 18:06:58,633 [WARN] DbBoards:127 - board P-NUCLEO-WB55-USBDongle has no document id list !
2023-10-05 18:06:58,633 [WARN] DbBoards:127 - board STEVAL-BFA001V1B has no document id list !
2023-10-05 18:06:58,633 [WARN] DbBoards:127 - board STEVAL-BFA001V2B has no document id list !
2023-10-05 18:06:58,633 [WARN] DbBoards:127 - board STEVAL-IDP005V1 has no document id list !
2023-10-05 18:06:58,633 [WARN] DbBoards:127 - board STEVAL-IDP005V2 has no document id list !
2023-10-05 18:06:58,633 [WARN] DbBoards:127 - board STEVAL-MKSBOX1V1 has no document id list !
2023-10-05 18:06:58,633 [WARN] DbBoards:127 - board STEVAL-STWINKT1 has no document id list !
2023-10-05 18:06:58,633 [WARN] DbBoards:127 - board STEVAL-STWINKT1B has no document id list !
2023-10-05 18:06:58,633 [WARN] DbBoards:127 - board STM32439I-EVAL2 has no document id list !
2023-10-05 18:06:58,633 [WARN] DbBoards:127 - board STM32F401C-DISCO has no document id list !
2023-10-05 18:06:58,633 [WARN] DbBoards:127 - board STM32F769I-DISC1 has no document id list !
2023-10-05 18:06:58,633 [WARN] DbBoards:127 - board STM32G474E-EVAL1 has no document id list !
2023-10-05 18:06:58,633 [WARN] DbBoards:127 - board STM32H743I-EVAL2 has no document id list !
2023-10-05 18:06:58,633 [WARN] DbBoards:127 - board STM32H747I-DISC1 has no document id list !
2023-10-05 18:06:58,637 [WARN] DbBoards:127 - board STM32H753I-EVAL2 has no document id list !
2023-10-05 18:06:58,637 [WARN] DbBoards:127 - board STM32L-DISCOVERY has no document id list !
2023-10-05 18:06:58,753 [ERROR] DbBoards:189 - Image file not found for board B-U585I-IOT02A: E:\STM32CubeIDE_1.7.0\STM32CubeIDE\plugins\com.st.stm32cube.common.mx_6.3.0.202107141111\\db\/plugins/mcufinder/images/boards/B-U585I-IOT02A_small.jpg
2023-10-05 18:06:58,853 [ERROR] DbBoards:189 - Image file not found for board NUCLEO-F413ZH: E:\STM32CubeIDE_1.7.0\STM32CubeIDE\plugins\com.st.stm32cube.common.mx_6.3.0.202107141111\\db\/plugins/mcufinder/images/boards/nucleo-f413zh_small.jpg
2023-10-05 18:06:59,117 [ERROR] DbBoards:189 - Image file not found for board NUCLEO-L552ZE-Q: E:\STM32CubeIDE_1.7.0\STM32CubeIDE\plugins\com.st.stm32cube.common.mx_6.3.0.202107141111\\db\/plugins/mcufinder/images/boards/nucleo_l552ze_q_small.jpg
2023-10-05 18:06:59,117 [ERROR] DbBoards:189 - Image file not found for board NUCLEO-U575ZI-Q: E:\STM32CubeIDE_1.7.0\STM32CubeIDE\plugins\com.st.stm32cube.common.mx_6.3.0.202107141111\\db\/plugins/mcufinder/images/boards/nucleo-u575zi-q_small.jpg
2023-10-05 18:06:59,117 [ERROR] DbBoards:189 - Image file not found for board NUCLEO-WB15CC: E:\STM32CubeIDE_1.7.0\STM32CubeIDE\plugins\com.st.stm32cube.common.mx_6.3.0.202107141111\\db\/plugins/mcufinder/images/boards/nucleo-wb15cc_small.jpg
2023-10-05 18:06:59,117 [ERROR] DbBoards:189 - Image file not found for board NUCLEO-WB55RG: E:\STM32CubeIDE_1.7.0\STM32CubeIDE\plugins\com.st.stm32cube.common.mx_6.3.0.202107141111\\db\/plugins/mcufinder/images/boards/nucleo-wb55rg_small.jpg
2023-10-05 18:07:00,363 [INFO] ApiDb:251 - Load user favorites file C:\Users\mitph/.stm32cubeide/favorites.boards.txt: 0 item(s)
2023-10-05 18:07:00,363 [INFO] ApiDb:255 - User favorites Boards=[]
2023-10-05 18:07:00,363 [INFO] DbBoards:206 - Set 0 / 0 favorites Boards
2023-10-05 18:07:00,391 [INFO] LoadUrlFilesThread:172 - End of LoadServerUrlFiles without Thread
2023-10-05 18:07:00,391 [INFO] TargetSelectorAdapter:224 - Refresh data is successful
2023-10-05 18:07:00,523 [INFO] ApiDb:479 - Connected to CubeFinder SQLite database (C:\Users\mitph\.stmcufinder\plugins\mcufinder\mcu\cube-finder-db.db)
2023-10-05 18:07:01,699 [INFO] DbExamplesSqlite:411 - Ignored 27 examples not supported by CubeIDE
2023-10-05 18:07:01,699 [INFO] DbExamplesSqlite:412 - Found 7231 examples active
2023-10-05 18:07:01,703 [INFO] DbExamplesSqlite:413 - Found 677 examples obsolete
2023-10-05 18:07:01,703 [INFO] DbExamplesSqlite:414 - Found 0 examples under development
2023-10-05 18:07:01,703 [INFO] DbExamplesSqlite:415 - Found 74 examples not building
2023-10-05 18:07:01,775 [INFO] DbExamplesSqlite:108 - CubeFinder database Data Model version=2.1
2023-10-05 18:07:01,775 [INFO] DbExamplesSqlite:109 - CubeFinder database Configuration version=3.0.37
2023-10-05 18:07:01,775 [INFO] DbExamplesSqlite:110 - CubeFinder database generation date=2023-08-09 (1691586011)
2023-10-05 18:07:01,775 [INFO] DbExamplesSqlite:111 - CubeFinder database FW Pack versions=[FP-ATR-ASTRA1_V2.0.0, FP-SNS-FLIGHT1_V5.0.1, FP-SNS-FLIGHT1_V5.0.2, FP-SNS-MOTENV1_V4.3.1, FP-SNS-MOTENV1_V4.3.2, STM32Cube_FW_C0_V1.1.0, STM32Cube_FW_F4_V1.27.1, STM32Cube_FW_F7_V1.17.0, STM32Cube_FW_G0_V1.6.1, STM32Cube_FW_G4_V1.5.1, STM32Cube_FW_H5_V0.5.1, STM32Cube_FW_H5_V1.1.0, STM32Cube_FW_H7_V1.11.0, STM32Cube_FW_L0_V1.12.2, STM32Cube_FW_L5_V1.5.0, STM32Cube_FW_U5_V1.3.0, STM32Cube_FW_U5_V1.3.0RC4, STM32Cube_FW_WBA_V1.0.0RC1, STM32Cube_FW_WBA_V1.1.0, STM32Cube_FW_WBA_V1.1.0RC1, STM32Cube_FW_WB_V1.15.0RC1, STM32Cube_FW_WB_V1.16.0, STM32Cube_FW_WB_V1.16.0RC2, STM32Cube_FW_WB_V1.17.0, STM32Cube_FW_WL_V1.3.0, X-CUBE-ALGOBUILD_V1.3.0, X-CUBE-ALS_V1.0.1, X-CUBE-AZRTOS-F4_V1.1.0, X-CUBE-AZRTOS-F7_V1.1.0, X-CUBE-AZRTOS-G0_V1.1.0, X-CUBE-AZRTOS-G4_V2.0.0, X-CUBE-AZRTOS-H7_V3.1.0, X-CUBE-AZRTOS-L4_V1.0.0, X-CUBE-AZRTOS-L4_V2.0.0, X-CUBE-AZRTOS-L5_V1.1.0, X-CUBE-AZRTOS-WB_V1.1.0, X-CUBE-AZRTOS-WL_V2.0.0, X-CUBE-BLE1_V7.0.0, X-CUBE-BLE2_V3.3.0, X-CUBE-BLEMGR_V2.0.0, X-CUBE-EEPRMA1_V4.1.0, X-CUBE-FREERTOS_V1.1.0, X-CUBE-GNSS1_V6.0.0, X-CUBE-MEMS1_V9.1.0, X-CUBE-MEMS1_V9.4.0, X-CUBE-MEMS1_V9.6.0, X-CUBE-NFC4_V3.0.0, X-CUBE-NFC7_V1.0.0, X-CUBE-SFXS2LP1_V4.0.0, X-CUBE-SUBG2_V5.0.0, X-CUBE-TOF1_V3.3.1]
2023-10-05 18:07:01,779 [INFO] DbExamples:130 - Found 7278 examples
2023-10-05 18:07:02,695 [ERROR] DbExamples:206 - Found 7278 examples with invalid data (board or MCU)
2023-10-05 18:07:02,695 [INFO] DbExamples:222 - Found 79 boards with related examples
2023-10-05 18:07:02,695 [INFO] DbExamples:235 - Found 0 MCUs with related examples
2023-10-05 18:07:02,731 [INFO] ApiDb:242 - User favorites file not found: C:\Users\mitph/.stm32cubeide/favorites.examples.txt
2023-10-05 18:07:02,731 [INFO] DbExamples:256 - Set 0 / 0 favorites Examples
2023-10-05 18:07:03,087 [INFO] McuFinderGlobals:52 - Set McuFinderConnectedMode to false
2023-10-05 18:07:03,203 [INFO] CrossSelectorPresenter:1330 - Cross Selector saved comparison directory: C:\Users\mitph\.stmcufinder\plugins\mcufinder\mcu\cs_comparisons_mx
2023-10-05 18:07:03,207 [INFO] MultiScanPanel:197 - Auto-refresh data requested => check proxy status ongoing
2023-10-05 18:07:03,207 [INFO] MultiScanPanel:201 - Proxy status is invalid
2023-10-05 18:07:03,211 [INFO] FinderPluginLoader:87 - Searching for filters in installed packs
2023-10-05 18:07:03,828 [INFO] DetailPanel:309 - Set advertising image to C:/Users/mitph/STM32Cube/Repository/\en.prom-stm32h5-mcu-finder.jpg
2023-10-05 18:07:50,447 [INFO] MainUpdater:2671 - connection check result : 10
2023-10-05 18:07:50,447 [INFO] MainUpdater:2671 - connection check result : 10
2023-10-05 18:07:50,523 [INFO] MicroXplorer:448 - Change Database Path : 
2023-10-05 18:07:50,523 [INFO] MicroXplorer:478 - Change Database Version : DB.6.0.30
2023-10-05 18:07:50,523 [WARN] ThirdParty:813 - waiting for thirdparty lock release [close project]
2023-10-05 18:07:50,523 [INFO] ThirdParty:815 - entering critical section [close project]
2023-10-05 18:07:50,523 [INFO] ThirdParty:825 - exiting critical section [close project]
2023-10-05 18:07:50,531 [INFO] PinOutPanel:1463 - setPackage(No Configuration,No Configuration)
2023-10-05 18:07:50,531 [INFO] UtilMem:74 - Begin LoadConfig() Used Memory: 668423000 Bytes (711983104)
2023-10-05 18:07:50,535 [INFO] MicroXplorer:448 - Change Database Path : 
2023-10-05 18:07:50,535 [INFO] MicroXplorer:478 - Change Database Version : DB.6.0.30
2023-10-05 18:07:50,535 [INFO] OpenFileManager:313 - Change cursor
2023-10-05 18:07:51,639 [INFO] Context:592 - Trying to add GPIOservice into a context  which must be forbidden
2023-10-05 18:07:51,915 [INFO] ImportTextPane:167 - (OptionalMessage_ERROR) Unable to find key (Mcu.ThirdPartyNb) in loaded IOC file
2023-10-05 18:07:51,915 [INFO] ImportTextPane:167 - (OptionalMessage_ERROR) Unable to find key (Mcu.PinsNb) in loaded IOC file
2023-10-05 18:07:51,915 [INFO] ImportTextPane:167 - (OptionalMessage_ERROR) Unable to find key (Mcu.IPNb) in loaded IOC file
2023-10-05 18:07:51,979 [WARN] ApiManager:304 - Cannot register API 'Board Extension:GNSS1A1' from pack STMicroelectronics.X-CUBE-GNSS1.6.0.0: no header file found
2023-10-05 18:07:51,979 [WARN] ApiManager:304 - Cannot register API 'Board Support:Custom' from pack STMicroelectronics.X-CUBE-GNSS1.6.0.0: no header file found
2023-10-05 18:07:51,983 [WARN] ApiManager:304 - Cannot register API 'Data Exchange:lib_gnss' from pack STMicroelectronics.X-CUBE-GNSS1.6.0.0: no header file found
2023-10-05 18:07:51,987 [WARN] ApiManager:304 - Cannot register API 'Wireless:BlueNRG-MS' from pack STMicroelectronics.X-CUBE-BLE1.7.0.0: no header file found
2023-10-05 18:07:51,995 [WARN] ModelIntegratedComponent:60 - No mode defined for component null
2023-10-05 18:07:51,995 [WARN] ModelIntegratedComponent:60 - No mode defined for component null
2023-10-05 18:07:51,995 [WARN] ModelIntegratedComponent:60 - No mode defined for component null
2023-10-05 18:07:51,995 [WARN] ModelIntegratedComponent:60 - No mode defined for component null
2023-10-05 18:07:51,995 [WARN] ModelIntegratedComponent:60 - No mode defined for component null
2023-10-05 18:07:51,995 [WARN] ModelIntegratedComponent:60 - No mode defined for component null
2023-10-05 18:07:51,995 [WARN] ModelIntegratedComponent:60 - No mode defined for component null
2023-10-05 18:07:51,995 [WARN] ModelIntegratedComponent:60 - No mode defined for component null
2023-10-05 18:07:51,995 [WARN] ModelIntegratedComponent:60 - No mode defined for component null
2023-10-05 18:07:51,995 [WARN] ModelIntegratedComponent:60 - No mode defined for component null
2023-10-05 18:07:51,995 [WARN] ModelIntegratedComponent:60 - No mode defined for component null
2023-10-05 18:07:51,995 [WARN] ModelIntegratedComponent:60 - No mode defined for component null
2023-10-05 18:07:51,995 [WARN] ModelIntegratedComponent:60 - No mode defined for component null
2023-10-05 18:07:51,995 [WARN] ModelIntegratedComponent:60 - No mode defined for component null
2023-10-05 18:07:51,995 [WARN] ModelIntegratedComponent:60 - No mode defined for component null
2023-10-05 18:07:51,995 [WARN] ModelIntegratedComponent:60 - No mode defined for component null
2023-10-05 18:07:51,995 [WARN] ModelIntegratedComponent:60 - No mode defined for component null
2023-10-05 18:07:51,995 [WARN] ModelIntegratedComponent:60 - No mode defined for component null
2023-10-05 18:07:51,995 [WARN] ModelIntegratedComponent:60 - No mode defined for component null
2023-10-05 18:07:51,995 [WARN] ModelIntegratedComponent:60 - No mode defined for component null
2023-10-05 18:07:51,995 [WARN] ModelIntegratedComponent:60 - No mode defined for component null
2023-10-05 18:07:51,995 [WARN] ModelIntegratedComponent:60 - No mode defined for component null
2023-10-05 18:07:51,995 [WARN] ModelIntegratedComponent:60 - No mode defined for component null
2023-10-05 18:07:51,995 [WARN] ModelIntegratedComponent:60 - No mode defined for component null
2023-10-05 18:07:51,995 [WARN] ModelIntegratedComponent:60 - No mode defined for component null
2023-10-05 18:07:51,995 [WARN] ModelIntegratedComponent:60 - No mode defined for component null
2023-10-05 18:07:51,999 [WARN] ModelIntegratedComponent:60 - No mode defined for component null
2023-10-05 18:07:51,999 [WARN] ModelIntegratedComponent:60 - No mode defined for component null
2023-10-05 18:07:51,999 [WARN] ModelIntegratedComponent:60 - No mode defined for component null
2023-10-05 18:07:51,999 [WARN] ModelIntegratedComponent:60 - No mode defined for component null
2023-10-05 18:07:51,999 [WARN] ModelIntegratedComponent:60 - No mode defined for component null
2023-10-05 18:07:52,003 [WARN] ApiManager:304 - Cannot register API 'Board Extension:NFC07A1' from pack STMicroelectronics.X-CUBE-NFC7.1.0.1: no header file found
2023-10-05 18:07:52,011 [WARN] ApiManager:304 - Cannot register API 'Board Extension:NFC06A1' from pack STMicroelectronics.X-CUBE-NFC6.3.0.0: no header file found
2023-10-05 18:07:52,011 [WARN] ApiManager:304 - Cannot register API 'Board Extension:NFC08A1' from pack STMicroelectronics.X-CUBE-NFC6.3.0.0: no header file found
2023-10-05 18:07:52,011 [WARN] ApiManager:304 - Cannot register API 'Board Extension:EEPRMA1' from pack STMicroelectronics.X-CUBE-EEPRMA1.4.1.0: no header file found
2023-10-05 18:07:52,011 [WARN] ApiManager:304 - Cannot register API 'Board Extension:EEPRMA2' from pack STMicroelectronics.X-CUBE-EEPRMA1.4.1.0: no header file found
2023-10-05 18:07:52,011 [WARN] ApiManager:304 - Cannot register API 'Board Extension:PGEEZ1' from pack STMicroelectronics.X-CUBE-EEPRMA1.4.1.0: no header file found
2023-10-05 18:07:52,011 [WARN] ApiManager:304 - Cannot register API 'Board Part:M24' from pack STMicroelectronics.X-CUBE-EEPRMA1.4.1.0: no header file found
2023-10-05 18:07:52,011 [WARN] ApiManager:304 - Cannot register API 'Board Part:M95' from pack STMicroelectronics.X-CUBE-EEPRMA1.4.1.0: no header file found
2023-10-05 18:07:52,011 [WARN] ApiManager:304 - Cannot register API 'Board Part:M95P32' from pack STMicroelectronics.X-CUBE-EEPRMA1.4.1.0: no header file found
2023-10-05 18:07:52,011 [WARN] ApiManager:304 - Cannot register API 'PGEEZ1:SPI' from pack STMicroelectronics.X-CUBE-EEPRMA1.4.1.0: no header file found
2023-10-05 18:07:52,011 [WARN] ApiManager:304 - Cannot register API 'PGEEZ1:QDSPI' from pack STMicroelectronics.X-CUBE-EEPRMA1.4.1.0: no header file found
2023-10-05 18:07:52,355 [WARN] ApiManager:304 - Cannot register API 'Board Extension:IKS01A3' from pack STMicroelectronics.X-CUBE-MEMS1.9.6.0: no header file found
2023-10-05 18:07:52,355 [WARN] ApiManager:304 - Cannot register API 'Board Extension:IKS01A2' from pack STMicroelectronics.X-CUBE-MEMS1.9.6.0: no header file found
2023-10-05 18:07:52,355 [WARN] ApiManager:304 - Cannot register API 'Board Extension:IKS02A1' from pack STMicroelectronics.X-CUBE-MEMS1.9.6.0: no header file found
2023-10-05 18:07:52,371 [INFO] RtosManager:484 - Registered RTOS mode: class=CMSIS, group=RTOS, mode=CMSIS_V1, owner=FREERTOS
2023-10-05 18:07:52,371 [INFO] RtosManager:484 - Registered RTOS mode: class=CMSIS, group=RTOS2, mode=CMSIS_V2, owner=FREERTOS
2023-10-05 18:07:52,371 [INFO] RtosManager:484 - Registered RTOS mode: class=RTOS, group=Core, mode=CMSIS_V1, owner=FREERTOS
2023-10-05 18:07:52,371 [INFO] RtosManager:484 - Registered RTOS mode: class=RTOS, group=Core, mode=CMSIS_V2, owner=FREERTOS
2023-10-05 18:07:52,371 [WARN] ModelIntegratedComponent:181 - Missing modes for component STMicroelectronics:FreeRTOS:0.0.1:STMicroelectronics:RTOS:FreeRTOS:Core:::10.2.0:
2023-10-05 18:07:52,375 [WARN] ApiManager:304 - Cannot register API 'Board Extension:NFC04A1' from pack STMicroelectronics.X-CUBE-NFC4.3.0.0: no header file found
2023-10-05 18:07:52,379 [WARN] ApiManager:304 - Cannot register API 'Board Extension:S2868A1' from pack STMicroelectronics.X-CUBE-SUBG2.5.0.0: no header file found
2023-10-05 18:07:52,379 [WARN] ApiManager:304 - Cannot register API 'Board Extension:S2868A2' from pack STMicroelectronics.X-CUBE-SUBG2.5.0.0: no header file found
2023-10-05 18:07:52,379 [WARN] ApiManager:304 - Cannot register API 'Board Extension:S2915A1' from pack STMicroelectronics.X-CUBE-SUBG2.5.0.0: no header file found
2023-10-05 18:07:52,383 [WARN] ApiManager:304 - Cannot register API 'Board Extension:S2868A1' from pack STMicroelectronics.X-CUBE-SFXS2LP1.4.0.0: no header file found
2023-10-05 18:07:52,383 [WARN] ApiManager:304 - Cannot register API 'Board Extension:S2868A2' from pack STMicroelectronics.X-CUBE-SFXS2LP1.4.0.0: no header file found
2023-10-05 18:07:52,383 [WARN] ApiManager:304 - Cannot register API 'Board Extension:S2915A1' from pack STMicroelectronics.X-CUBE-SFXS2LP1.4.0.0: no header file found
2023-10-05 18:07:52,383 [WARN] ApiManager:304 - Cannot register API 'Wireless:BlueNRG-2' from pack STMicroelectronics.X-CUBE-BLE2.3.3.0: no header file found
2023-10-05 18:07:54,715 [INFO] UtilMem:74 - End LoadConfig() Used Memory: 633764568 Bytes (711983104)
2023-10-05 18:07:54,723 [WARN] ThirdParty:779 - waiting for thirdparty lock release [change project]
2023-10-05 18:07:54,723 [INFO] ThirdParty:781 - entering critical section [change project]
2023-10-05 18:07:54,723 [INFO] ThirdParty:967 - CMSIS Pack Vendor :STMicroelectronics X-CUBE-ISPU 1.1.0
2023-10-05 18:07:54,723 [INFO] ThirdParty:967 - CMSIS Pack Vendor :STMicroelectronics X-CUBE-GNSS1 6.0.0
2023-10-05 18:07:54,723 [INFO] ThirdParty:967 - CMSIS Pack Vendor :STMicroelectronics USB_HOST 2.0.0
2023-10-05 18:07:54,723 [INFO] ThirdParty:967 - CMSIS Pack Vendor :STMicroelectronics X-CUBE-AZRTOS-F4 1.1.0
2023-10-05 18:07:54,723 [INFO] ThirdParty:967 - CMSIS Pack Vendor :STMicroelectronics X-CUBE-BLE1 7.0.0
2023-10-05 18:07:54,723 [INFO] ThirdParty:967 - CMSIS Pack Vendor :STMicroelectronics FP-ATR-SIGFOX1 3.2.0
2023-10-05 18:07:54,723 [INFO] ThirdParty:967 - CMSIS Pack Vendor :wolfSSL I-CUBE-wolfSSL 5.6.3
2023-10-05 18:07:54,723 [INFO] ThirdParty:967 - CMSIS Pack Vendor :STMicroelectronics USB_DEVICE 3.0.0
2023-10-05 18:07:54,723 [INFO] ThirdParty:967 - CMSIS Pack Vendor :STMicroelectronics HAL Drivers 0.0.0
2023-10-05 18:07:54,723 [INFO] ThirdParty:967 - CMSIS Pack Vendor :STMicroelectronics MBEDTLS 2.16.2
2023-10-05 18:07:54,723 [INFO] ThirdParty:967 - CMSIS Pack Vendor :STMicroelectronics X-CUBE-AZRTOS-WB 2.0.0
2023-10-05 18:07:54,723 [INFO] ThirdParty:967 - CMSIS Pack Vendor :STMicroelectronics X-CUBE-TOUCHGFX 4.22.0
2023-10-05 18:07:54,723 [INFO] ThirdParty:967 - CMSIS Pack Vendor :STMicroelectronics X-CUBE-NFC7 1.0.1
2023-10-05 18:07:54,723 [INFO] ThirdParty:967 - CMSIS Pack Vendor :STMicroelectronics MBEDTLS 2.14.1
2023-10-05 18:07:54,723 [INFO] ThirdParty:967 - CMSIS Pack Vendor :STMicroelectronics X-CUBE-TOUCHGFX 4.22.1
2023-10-05 18:07:54,723 [INFO] ThirdParty:967 - CMSIS Pack Vendor :STMicroelectronics X-CUBE-AZRTOS-F7 1.1.0
2023-10-05 18:07:54,723 [INFO] ThirdParty:967 - CMSIS Pack Vendor :STMicroelectronics X-CUBE-AZRTOS-L5 2.0.0
2023-10-05 18:07:54,723 [INFO] ThirdParty:967 - CMSIS Pack Vendor :STMicroelectronics X-CUBE-NFC6 3.0.0
2023-10-05 18:07:54,723 [INFO] ThirdParty:967 - CMSIS Pack Vendor :STMicroelectronics X-CUBE-EEPRMA1 4.1.0
2023-10-05 18:07:54,723 [INFO] ThirdParty:967 - CMSIS Pack Vendor :portGmbH I-Cube-SoM-uGOAL 1.1.0
2023-10-05 18:07:54,723 [INFO] ThirdParty:967 - CMSIS Pack Vendor :STMicroelectronics X-CUBE-ALS 1.0.1
2023-10-05 18:07:54,723 [INFO] ThirdParty:967 - CMSIS Pack Vendor :STMicroelectronics USB_DEVICE 2.0.0
2023-10-05 18:07:54,723 [INFO] ThirdParty:967 - CMSIS Pack Vendor :STMicroelectronics X-CUBE-MEMS1 9.6.0
2023-10-05 18:07:54,723 [INFO] ThirdParty:967 - CMSIS Pack Vendor :STMicroelectronics X-CUBE-AZRTOS-WL 2.0.0
2023-10-05 18:07:54,723 [INFO] ThirdParty:967 - CMSIS Pack Vendor :STMicroelectronics X-CUBE-ALGOBUILD 1.3.0
2023-10-05 18:07:54,723 [INFO] ThirdParty:967 - CMSIS Pack Vendor :SEGGER I-CUBE-embOS 1.3.1
2023-10-05 18:07:54,723 [INFO] ThirdParty:967 - CMSIS Pack Vendor :STMicroelectronics FreeRTOS 0.0.1
2023-10-05 18:07:54,723 [INFO] ThirdParty:967 - CMSIS Pack Vendor :STMicroelectronics X-CUBE-AZRTOS-G0 1.1.0
2023-10-05 18:07:54,723 [INFO] ThirdParty:967 - CMSIS Pack Vendor :STMicroelectronics USB_DEVICE 1.0.0
2023-10-05 18:07:54,723 [INFO] ThirdParty:967 - CMSIS Pack Vendor :STMicroelectronics X-CUBE-BLEMGR 2.0.0
2023-10-05 18:07:54,723 [INFO] ThirdParty:967 - CMSIS Pack Vendor :STMicroelectronics X-CUBE-AI 8.1.0
2023-10-05 18:07:54,723 [INFO] ThirdParty:967 - CMSIS Pack Vendor :STMicroelectronics X-CUBE-NFC4 3.0.0
2023-10-05 18:07:54,723 [INFO] ThirdParty:967 - CMSIS Pack Vendor :STMicroelectronics X-CUBE-SUBG2 5.0.0
2023-10-05 18:07:54,723 [INFO] ThirdParty:967 - CMSIS Pack Vendor :STMicroelectronics X-CUBE-AZRTOS-L4 2.0.0
2023-10-05 18:07:54,723 [INFO] ThirdParty:967 - CMSIS Pack Vendor :STMicroelectronics ThreadX 0.0.2
2023-10-05 18:07:54,723 [INFO] ThirdParty:967 - CMSIS Pack Vendor :WES I-CUBE-Cesium 1.3.0
2023-10-05 18:07:54,723 [INFO] ThirdParty:967 - CMSIS Pack Vendor :STMicroelectronics FP-ATR-ASTRA1 2.0.0
2023-10-05 18:07:54,723 [INFO] ThirdParty:967 - CMSIS Pack Vendor :STMicroelectronics lwIP 2.0.3
2023-10-05 18:07:54,727 [INFO] ThirdParty:967 - CMSIS Pack Vendor :STMicroelectronics lwIP 2.1.2
2023-10-05 18:07:54,727 [INFO] ThirdParty:967 - CMSIS Pack Vendor :STMicroelectronics X-CUBE-SFXS2LP1 4.0.0
2023-10-05 18:07:54,727 [INFO] ThirdParty:967 - CMSIS Pack Vendor :STMicroelectronics X-CUBE-BLE2 3.3.0
2023-10-05 18:07:54,727 [INFO] ThirdParty:967 - CMSIS Pack Vendor :STMicroelectronics USB_HOST 1.0.0
2023-10-05 18:07:54,727 [INFO] ThirdParty:967 - CMSIS Pack Vendor :STMicroelectronics X-CUBE-AZRTOS-G4 2.0.0
2023-10-05 18:07:54,727 [INFO] ThirdParty:967 - CMSIS Pack Vendor :STMicroelectronics PDM2PCM 3.1.0
2023-10-05 18:07:54,727 [INFO] ThirdParty:967 - CMSIS Pack Vendor :STMicroelectronics X-CUBE-AZRTOS-H7 3.1.0
2023-10-05 18:07:54,727 [INFO] ThirdParty:967 - CMSIS Pack Vendor :STMicroelectronics PDM2PCM 3.2.0
2023-10-05 18:07:54,727 [INFO] ThirdParty:967 - CMSIS Pack Vendor :STMicroelectronics PDM2PCM 3.3.0
2023-10-05 18:07:54,727 [INFO] ThirdParty:787 - exiting critical section [change project]
2023-10-05 18:07:55,015 [INFO] PinOutPanel:1463 - setPackage(No Configuration,No Configuration)
2023-10-05 18:07:55,015 [INFO] PinOutPanel:1463 - setPackage(STM32F103C6Ux,UFQFPN48)
2023-10-05 18:07:55,463 [INFO] UtilMem:74 - Before build in PCC Used Memory: 610418240 Bytes (711983104)
2023-10-05 18:07:56,295 [INFO] UtilMem:74 - After build in PCC Used Memory: 620167896 Bytes (711983104)
2023-10-05 18:07:56,327 [INFO] IPUIPlugin:74 - create IPUIPlugin
2023-10-05 18:07:56,327 [INFO] IPUIPlugin:74 - create IPUIPlugin
2023-10-05 18:07:56,327 [INFO] IPUIPlugin:74 - create IPUIPlugin
2023-10-05 18:07:56,327 [INFO] IPUIPlugin:74 - create IPUIPlugin
2023-10-05 18:07:56,327 [INFO] IPUIPlugin:74 - create IPUIPlugin
2023-10-05 18:07:56,327 [INFO] IPUIPlugin:74 - create IPUIPlugin
2023-10-05 18:07:56,327 [INFO] IPUIPlugin:74 - create IPUIPlugin
2023-10-05 18:07:56,327 [INFO] IPUIPlugin:74 - create IPUIPlugin
2023-10-05 18:07:56,327 [INFO] IPUIPlugin:74 - create IPUIPlugin
2023-10-05 18:07:56,327 [INFO] IPUIPlugin:74 - create IPUIPlugin
2023-10-05 18:07:56,327 [INFO] IPUIPlugin:74 - create IPUIPlugin
2023-10-05 18:07:56,327 [INFO] IPUIPlugin:74 - create IPUIPlugin
2023-10-05 18:07:56,327 [INFO] IPUIPlugin:74 - create IPUIPlugin
2023-10-05 18:07:56,331 [INFO] IPUIPlugin:74 - create IPUIPlugin
2023-10-05 18:07:56,331 [INFO] IPUIPlugin:74 - create IPUIPlugin
2023-10-05 18:07:56,331 [INFO] IPUIPlugin:74 - create IPUIPlugin
2023-10-05 18:07:56,331 [INFO] IPUIPlugin:74 - create IPUIPlugin
2023-10-05 18:07:56,331 [INFO] IPUIPlugin:74 - create IPUIPlugin
2023-10-05 18:07:56,331 [INFO] IPUIPlugin:74 - create IPUIPlugin
2023-10-05 18:07:56,331 [INFO] IPUIPlugin:74 - create IPUIPlugin
2023-10-05 18:07:56,331 [INFO] IPUIPlugin:74 - create IPUIPlugin
2023-10-05 18:07:56,331 [INFO] IPUIPlugin:74 - create IPUIPlugin
2023-10-05 18:07:56,331 [INFO] IPUIPlugin:74 - create IPUIPlugin
2023-10-05 18:07:56,527 [INFO] OpenFileManager:333 - Restore cursor
2023-10-05 18:07:57,191 [INFO] UtilMem:74 - End SaveConfig() Used Memory: 634765080 Bytes (711983104)
2023-10-05 18:07:57,267 [INFO] UtilMem:74 - End SaveConfig() Used Memory: 618986840 Bytes (711983104)
2023-10-05 18:07:57,643 [INFO] BlockDiagram:2740 - set Specific Code input for plugin: NVIC
2023-10-05 18:07:57,643 [INFO] BlockDiagram:2740 - set Specific Code input for plugin: SYS
2023-10-05 18:07:57,643 [INFO] BlockDiagram:2740 - set Specific Code input for plugin: RCC
2023-10-05 18:07:57,643 [INFO] CodeGenerator:663 - code generatio: config db path: E:\STM32CubeIDE_1.7.0\STM32CubeIDE\plugins\com.st.stm32cube.common.mx_6.3.0.202107141111\\db\
2023-10-05 18:07:58,063 [INFO] CodeEngine:239 - oldGeneratedFile, E:\STM32CubeIDE_1.7.0\MCU LAB\LAB2\Ex1\LAB2_Ex1\MXTmpFiles\license.tmp_save
2023-10-05 18:07:58,571 [INFO] CodeEngine:257 - Generated code: E:\STM32CubeIDE_1.7.0\MCU LAB\LAB2\Ex1\LAB2_Ex1\MXTmpFiles\license.tmp
2023-10-05 18:07:58,715 [INFO] CodeEngine:239 - oldGeneratedFile, E:\STM32CubeIDE_1.7.0\MCU LAB\LAB2\Ex1\LAB2_Ex1\Core\Src\stm32f1xx_it.c_save
2023-10-05 18:07:58,875 [INFO] CodeEngine:257 - Generated code: E:\STM32CubeIDE_1.7.0\MCU LAB\LAB2\Ex1\LAB2_Ex1\Core\Src\stm32f1xx_it.c
2023-10-05 18:07:58,883 [INFO] CodeEngine:239 - oldGeneratedFile, E:\STM32CubeIDE_1.7.0\MCU LAB\LAB2\Ex1\LAB2_Ex1\Core\Inc\stm32f1xx_it.h_save
2023-10-05 18:07:58,971 [INFO] CodeEngine:257 - Generated code: E:\STM32CubeIDE_1.7.0\MCU LAB\LAB2\Ex1\LAB2_Ex1\Core\Inc\stm32f1xx_it.h
2023-10-05 18:07:58,987 [INFO] CodeEngine:239 - oldGeneratedFile, E:\STM32CubeIDE_1.7.0\MCU LAB\LAB2\Ex1\LAB2_Ex1\Core\Src\stm32f1xx_hal_msp.c_save
2023-10-05 18:07:59,135 [INFO] CodeEngine:257 - Generated code: E:\STM32CubeIDE_1.7.0\MCU LAB\LAB2\Ex1\LAB2_Ex1\Core\Src\stm32f1xx_hal_msp.c
2023-10-05 18:07:59,143 [INFO] CodeEngine:239 - oldGeneratedFile, E:\STM32CubeIDE_1.7.0\MCU LAB\LAB2\Ex1\LAB2_Ex1\MXTmpFiles\system.tmp_save
2023-10-05 18:07:59,219 [INFO] CodeEngine:257 - Generated code: E:\STM32CubeIDE_1.7.0\MCU LAB\LAB2\Ex1\LAB2_Ex1\MXTmpFiles\system.tmp
2023-10-05 18:07:59,231 [INFO] CodeEngine:239 - oldGeneratedFile, E:\STM32CubeIDE_1.7.0\MCU LAB\LAB2\Ex1\LAB2_Ex1\Core\Inc\stm32f1xx_hal_conf.h_save
2023-10-05 18:07:59,351 [INFO] CodeEngine:257 - Generated code: E:\STM32CubeIDE_1.7.0\MCU LAB\LAB2\Ex1\LAB2_Ex1\Core\Inc\stm32f1xx_hal_conf.h
2023-10-05 18:07:59,407 [INFO] CodeEngine:239 - oldGeneratedFile, E:\STM32CubeIDE_1.7.0\MCU LAB\LAB2\Ex1\LAB2_Ex1\Core\Inc\main.h_save
2023-10-05 18:07:59,523 [INFO] CodeEngine:257 - Generated code: E:\STM32CubeIDE_1.7.0\MCU LAB\LAB2\Ex1\LAB2_Ex1\Core\Inc\main.h
2023-10-05 18:07:59,535 [INFO] CodeEngine:239 - oldGeneratedFile, E:\STM32CubeIDE_1.7.0\MCU LAB\LAB2\Ex1\LAB2_Ex1\Core\Src\main.c_save
2023-10-05 18:07:59,711 [INFO] CodeEngine:257 - Generated code: E:\STM32CubeIDE_1.7.0\MCU LAB\LAB2\Ex1\LAB2_Ex1\Core\Src\main.c
2023-10-05 18:08:00,791 [INFO] ProjectBuilder:2578 - Time for Copy HAL[1] : 64mS.
2023-10-05 18:08:00,795 [INFO] ProjectBuilder:3622 - Project Generator version: 3.14.1
2023-10-05 18:08:01,351 [INFO] ConfigFileManager:1271 - The Die is : DIE412
2023-10-05 18:08:01,379 [INFO] ApiDbMcu:468 - Load IP Config File for FATFS
2023-10-05 18:08:01,431 [INFO] ApiDbMcu:468 - Load IP Config File for FREERTOS
2023-10-05 18:08:01,471 [INFO] ApiDbMcu:468 - Load IP Config File for USB_DEVICE
2023-10-05 18:08:07,262 [INFO] ProjectBuilder:3789 - Time for Generating toolchain IDE Files: 6467mS.
2023-10-05 18:08:07,262 [INFO] ProjectBuilder:2457 - Time for Copy CMSIS : 0mS.
2023-10-05 18:08:07,262 [INFO] ProjectBuilder:2457 - Time for Copy CMSIS : 0mS.
2023-10-05 18:08:09,198 [INFO] McuFinderGlobals:52 - Set McuFinderConnectedMode to true
2023-10-05 18:08:09,198 [INFO] ApiDb:276 - Save user favorites file C:\Users\mitph/.stm32cubeide/favorites.mcus.txt: 2 item(s)
2023-10-05 18:08:09,198 [INFO] ApiDb:280 - User favorites MCUs=[STM32F103C6Ux, STM32F103RBTx]
2023-10-05 18:09:05,272 [INFO] UtilMem:74 - End SaveConfig() Used Memory: 800754328 Bytes (915406848)
2023-10-05 18:09:06,505 [INFO] UtilMem:74 - End SaveConfig() Used Memory: 701674424 Bytes (915406848)
2023-10-05 18:09:06,692 [INFO] UtilMem:74 - End SaveConfig() Used Memory: 720632848 Bytes (915406848)
2023-10-05 18:09:07,135 [INFO] BlockDiagram:2740 - set Specific Code input for plugin: NVIC
2023-10-05 18:09:07,135 [INFO] BlockDiagram:2740 - set Specific Code input for plugin: SYS
2023-10-05 18:09:07,135 [INFO] BlockDiagram:2740 - set Specific Code input for plugin: GPIO
2023-10-05 18:09:07,139 [INFO] BlockDiagram:2740 - set Specific Code input for plugin: RCC
2023-10-05 18:09:07,139 [INFO] CodeGenerator:663 - code generatio: config db path: E:\STM32CubeIDE_1.7.0\STM32CubeIDE\plugins\com.st.stm32cube.common.mx_6.3.0.202107141111\\db\
2023-10-05 18:09:07,473 [INFO] CodeEngine:239 - oldGeneratedFile, E:\STM32CubeIDE_1.7.0\MCU LAB\LAB2\Ex1\LAB2_Ex1\MXTmpFiles\license.tmp_save
2023-10-05 18:09:07,597 [INFO] CodeEngine:257 - Generated code: E:\STM32CubeIDE_1.7.0\MCU LAB\LAB2\Ex1\LAB2_Ex1\MXTmpFiles\license.tmp
2023-10-05 18:09:07,657 [INFO] CodeEngine:239 - oldGeneratedFile, E:\STM32CubeIDE_1.7.0\MCU LAB\LAB2\Ex1\LAB2_Ex1\MXTmpFiles\gpio.tmp_save
2023-10-05 18:09:07,736 [INFO] CodeEngine:257 - Generated code: E:\STM32CubeIDE_1.7.0\MCU LAB\LAB2\Ex1\LAB2_Ex1\MXTmpFiles\gpio.tmp
2023-10-05 18:09:07,759 [INFO] CodeEngine:239 - oldGeneratedFile, E:\STM32CubeIDE_1.7.0\MCU LAB\LAB2\Ex1\LAB2_Ex1\Core\Src\stm32f1xx_it.c_save
2023-10-05 18:09:07,929 [INFO] CodeEngine:257 - Generated code: E:\STM32CubeIDE_1.7.0\MCU LAB\LAB2\Ex1\LAB2_Ex1\Core\Src\stm32f1xx_it.c
2023-10-05 18:09:07,941 [INFO] CodeEngine:239 - oldGeneratedFile, E:\STM32CubeIDE_1.7.0\MCU LAB\LAB2\Ex1\LAB2_Ex1\Core\Inc\stm32f1xx_it.h_save
2023-10-05 18:09:08,013 [INFO] CodeEngine:257 - Generated code: E:\STM32CubeIDE_1.7.0\MCU LAB\LAB2\Ex1\LAB2_Ex1\Core\Inc\stm32f1xx_it.h
2023-10-05 18:09:08,029 [INFO] CodeEngine:239 - oldGeneratedFile, E:\STM32CubeIDE_1.7.0\MCU LAB\LAB2\Ex1\LAB2_Ex1\Core\Src\stm32f1xx_hal_msp.c_save
2023-10-05 18:09:08,137 [INFO] CodeEngine:257 - Generated code: E:\STM32CubeIDE_1.7.0\MCU LAB\LAB2\Ex1\LAB2_Ex1\Core\Src\stm32f1xx_hal_msp.c
2023-10-05 18:09:08,141 [INFO] CodeEngine:239 - oldGeneratedFile, E:\STM32CubeIDE_1.7.0\MCU LAB\LAB2\Ex1\LAB2_Ex1\MXTmpFiles\system.tmp_save
2023-10-05 18:09:08,205 [INFO] CodeEngine:257 - Generated code: E:\STM32CubeIDE_1.7.0\MCU LAB\LAB2\Ex1\LAB2_Ex1\MXTmpFiles\system.tmp
2023-10-05 18:09:08,221 [INFO] CodeEngine:239 - oldGeneratedFile, E:\STM32CubeIDE_1.7.0\MCU LAB\LAB2\Ex1\LAB2_Ex1\Core\Inc\stm32f1xx_hal_conf.h_save
2023-10-05 18:09:08,349 [INFO] CodeEngine:257 - Generated code: E:\STM32CubeIDE_1.7.0\MCU LAB\LAB2\Ex1\LAB2_Ex1\Core\Inc\stm32f1xx_hal_conf.h
2023-10-05 18:09:08,397 [INFO] CodeEngine:239 - oldGeneratedFile, E:\STM32CubeIDE_1.7.0\MCU LAB\LAB2\Ex1\LAB2_Ex1\Core\Inc\main.h_save
2023-10-05 18:09:08,517 [INFO] CodeEngine:257 - Generated code: E:\STM32CubeIDE_1.7.0\MCU LAB\LAB2\Ex1\LAB2_Ex1\Core\Inc\main.h
2023-10-05 18:09:08,529 [INFO] CodeEngine:239 - oldGeneratedFile, E:\STM32CubeIDE_1.7.0\MCU LAB\LAB2\Ex1\LAB2_Ex1\Core\Src\main.c_save
2023-10-05 18:09:08,686 [INFO] CodeEngine:257 - Generated code: E:\STM32CubeIDE_1.7.0\MCU LAB\LAB2\Ex1\LAB2_Ex1\Core\Src\main.c
2023-10-05 18:09:09,700 [INFO] ProjectBuilder:2578 - Time for Copy HAL[1] : 72mS.
2023-10-05 18:09:09,704 [INFO] ProjectBuilder:3622 - Project Generator version: 3.14.1
2023-10-05 18:09:10,196 [INFO] ConfigFileManager:1271 - The Die is : DIE412
2023-10-05 18:09:12,276 [INFO] ProjectBuilder:3789 - Time for Generating toolchain IDE Files: 2572mS.
2023-10-05 18:09:12,276 [INFO] ProjectBuilder:2457 - Time for Copy CMSIS : 0mS.
2023-10-05 18:09:12,280 [INFO] ProjectBuilder:2457 - Time for Copy CMSIS : 0mS.
